
 15         verbose | verbose                1.00
  7         runmode | runmode                0.00
  4         seqtype | seqtype                1.00
 13       CodonFreq | CodonFreq              2.00
  9           clock | clock                  0.00
 16           model | model                  0.00
 20         NSsites | NSsites                3.00
 22           icode | icode                  0.00
 23           Mgene | Mgene                  0.00
 24       fix_kappa | fix_kappa              0.00
 25           kappa | kappa                  4.00
 26       fix_omega | fix_omega              0.00
 27           omega | omega                  0.40
 28       fix_alpha | fix_alpha              1.00
 29           alpha | alpha                  0.00
 30          Malpha | Malpha                 0.00
 31           ncatG | ncatG                  4.00
 11           getSE | getSE                  0.00
 12    RateAncestor | RateAncestor           0.00
 36      Small_Diff | Small_Diff             0.00
  6       cleandata | cleandata              1.00
 37     fix_blength | fix_blength            0.00
  8          method | method                 0.00
CODONML in paml version 4.9i, September 2018

----------------------------------------------
Phe F TTT | Ser S TCT | Tyr Y TAT | Cys C TGT
      TTC |       TCC |       TAC |       TGC
Leu L TTA |       TCA | *** * TAA | *** * TGA
      TTG |       TCG |       TAG | Trp W TGG
----------------------------------------------
Leu L CTT | Pro P CCT | His H CAT | Arg R CGT
      CTC |       CCC |       CAC |       CGC
      CTA |       CCA | Gln Q CAA |       CGA
      CTG |       CCG |       CAG |       CGG
----------------------------------------------
Ile I ATT | Thr T ACT | Asn N AAT | Ser S AGT
      ATC |       ACC |       AAC |       AGC
      ATA |       ACA | Lys K AAA | Arg R AGA
Met M ATG |       ACG |       AAG |       AGG
----------------------------------------------
Val V GTT | Ala A GCT | Asp D GAT | Gly G GGT
      GTC |       GCC |       GAC |       GGC
      GTA |       GCA | Glu E GAA |       GGA
      GTG |       GCG |       GAG |       GGG
----------------------------------------------
Nice code, uuh?


Ambiguity character definition table:

T (1): T 
C (1): C 
A (1): A 
G (1): G 
U (1): T 
Y (2): T C 
R (2): A G 
M (2): C A 
K (2): T G 
S (2): C G 
W (2): T A 
H (3): T C A 
B (3): T C G 
V (3): C A G 
D (3): T A G 
- (4): T C A G 
N (4): T C A G 
? (4): T C A G 
ns = 14  	ls = 324
Reading sequences, sequential format..
Reading seq # 1: Human       
Reading seq # 2: Rattus       
Reading seq # 3: Gallus       
Reading seq # 4: Canis       
Reading seq # 5: Mus       
Reading seq # 6: Bos       
Reading seq # 7: Murina       
Reading seq # 8: Rhinolophus       
Reading seq # 9: Scotophilus       
Reading seq #10: Danio       
Reading seq #11: Osmerus       
Reading seq #12: Salmo       
Reading seq #13: Xenopus       
Reading seq #14: Anoplopoma       

Sequences read..
Counting site patterns..  0:00
Compressing,    106 patterns at    108 /    108 sites (100.0%),  0:00
Collecting fpatt[] & pose[],    106 patterns at    108 /    108 sites (100.0%),  0:00
Counting codons..

      728 bytes for distance
   103456 bytes for conP
     3392 bytes for fhK
  5000000 bytes for space

TREE #  1
(1, (2, 5), (((3, (((7, 9), 8), ((((10, 14), 12), 11), 13))), 6), 4));   MP score: 325
   620736 bytes for conP, adjusted

    0.025625    0.018776    0.059327    0.081197    0.049864    0.108218    0.109455    0.082923    0.014837    0.017083    0.019329    0.047890    0.066541    0.073076    0.091377    0.063402    0.100488    0.107846    0.042628    0.065438    0.078075    0.012452    0.054234    0.028258    0.060449    4.000000    0.413178    0.777091    0.923253    0.200000    0.438503    0.540059    0.683659

ntime & nrate & np:    25     5    33

Bounds (np=33):
   0.000004   0.000004   0.000004   0.000004   0.000004   0.000004   0.000004   0.000004   0.000004   0.000004   0.000004   0.000004   0.000004   0.000004   0.000004   0.000004   0.000004   0.000004   0.000004   0.000004   0.000004   0.000004   0.000004   0.000004   0.000004   0.000100 -99.000000 -99.000000 -99.000000   0.000001   0.000001   0.000001   0.000001
  50.000000  50.000000  50.000000  50.000000  50.000000  50.000000  50.000000  50.000000  50.000000  50.000000  50.000000  50.000000  50.000000  50.000000  50.000000  50.000000  50.000000  50.000000  50.000000  50.000000  50.000000  50.000000  50.000000  50.000000  50.000000 999.000000  99.000000  99.000000  99.000000 999.000000 999.000000 999.000000 999.000000
Qfactor_NS = 5.071785

np =    33
lnL0 = -2265.302306

Iterating by ming2
Initial: fx=  2265.302306
x=  0.02563  0.01878  0.05933  0.08120  0.04986  0.10822  0.10946  0.08292  0.01484  0.01708  0.01933  0.04789  0.06654  0.07308  0.09138  0.06340  0.10049  0.10785  0.04263  0.06544  0.07808  0.01245  0.05423  0.02826  0.06045  4.00000  0.41318  0.77709  0.92325  0.20000  0.43850  0.54006  0.68366

  1 h-m-p  0.0000 0.0008 2621.0670 +++CCCCCC  1936.599125  5 0.0006    51 | 0/33
  2 h-m-p  0.0001 0.0004 418.6117 ++     1868.317498  m 0.0004    87 | 1/33
  3 h-m-p  0.0000 0.0003 1834.6562 ++     1792.328125  m 0.0003   123 | 1/33
  4 h-m-p  0.0000 0.0001 484.0829 +YCCC  1791.225253  3 0.0000   165 | 0/33
  5 h-m-p  0.0000 0.0000 541.3085 ++     1789.107208  m 0.0000   201 | 0/33
  6 h-m-p  0.0001 0.0003 280.9300 ++     1782.242383  m 0.0003   237 | 0/33
  7 h-m-p  0.0000 0.0000 164.0913 
h-m-p:      1.07948164e-20      5.39740820e-20      1.64091281e+02  1782.242383
..  | 0/33
  8 h-m-p  0.0000 0.0020 150.5251 +YCYC  1781.532091  3 0.0001   311 | 0/33
  9 h-m-p  0.0000 0.0004 247.2909 ++     1775.421859  m 0.0004   347 | 0/33
 10 h-m-p  0.0001 0.0006 141.1611 ++     1770.349619  m 0.0006   383 | 1/33
 11 h-m-p  0.0001 0.0005 163.4398 +YYCCC  1768.674813  4 0.0003   426 | 1/33
 12 h-m-p  0.0002 0.0010  60.3960 ++     1766.582776  m 0.0010   462 | 1/33
 13 h-m-p  0.0000 0.0000 749.8592 
h-m-p:      8.98798507e-21      4.49399254e-20      7.49859177e+02  1766.582776
..  | 1/33
 14 h-m-p  0.0000 0.0010  89.3524 +YCCC  1766.313357  3 0.0001   537 | 1/33
 15 h-m-p  0.0001 0.0003 124.5739 ++     1765.114013  m 0.0003   573 | 1/33
 16 h-m-p  0.0001 0.0007  64.4972 ++     1763.735093  m 0.0007   609 | 1/33
 17 h-m-p -0.0000 -0.0000 300.7717 
h-m-p:     -3.04498036e-21     -1.52249018e-20      3.00771700e+02  1763.735093
..  | 1/33
 18 h-m-p  0.0000 0.0033  76.8463 +++YCYC  1762.979334  3 0.0004   685 | 1/33
 19 h-m-p  0.0000 0.0001  52.8204 ++     1762.748814  m 0.0001   721 | 1/33
 20 h-m-p  0.0000 0.0006 557.0541 +++    1755.792526  m 0.0006   758 | 1/33
 21 h-m-p  0.0000 0.0002 790.1283 YCYC   1755.439283  3 0.0000   798 | 1/33
 22 h-m-p  0.0001 0.0003 138.7553 +YCCC  1755.028658  3 0.0002   840 | 1/33
 23 h-m-p  0.0001 0.0003  28.1005 ++     1754.897004  m 0.0003   876 | 1/33
 24 h-m-p  0.0000 0.0000 218.6822 
h-m-p:      2.41001005e-22      1.20500503e-21      2.18682229e+02  1754.897004
..  | 1/33
 25 h-m-p  0.0000 0.0005 280.2000 ++CYCCC  1752.547092  4 0.0001   955 | 1/33
 26 h-m-p  0.0000 0.0000 140.6134 ++     1752.292891  m 0.0000   991 | 2/33
 27 h-m-p  0.0000 0.0001 235.6388 ++     1750.846384  m 0.0001  1027 | 3/33
 28 h-m-p  0.0009 0.0045  21.0377 CCCCC  1750.557932  4 0.0012  1071 | 3/33
 29 h-m-p  0.0001 0.0003  30.3966 ++     1750.401770  m 0.0003  1107 | 4/33
 30 h-m-p  0.0001 0.0023  77.1501 +CYCCC  1749.914269  4 0.0009  1151 | 4/33
 31 h-m-p  0.0005 0.0026 100.7043 CCCC   1749.443905  3 0.0008  1193 | 4/33
 32 h-m-p  0.0006 0.0028 137.4824 CCCC   1748.830708  3 0.0008  1235 | 4/33
 33 h-m-p  0.0003 0.0015 222.8442 +YCYCCC  1747.636381  5 0.0008  1280 | 4/33
 34 h-m-p  0.0013 0.0064  97.6888 YCCC   1746.550400  3 0.0019  1321 | 4/33
 35 h-m-p  0.0011 0.0053  92.9624 CCCC   1745.604642  3 0.0018  1363 | 4/33
 36 h-m-p  0.0014 0.0072  56.6640 CC     1745.066700  1 0.0019  1401 | 4/33
 37 h-m-p  0.0023 0.0190  48.6309 YCCC   1743.899239  3 0.0053  1442 | 4/33
 38 h-m-p  0.0018 0.0088  65.0674 CCC    1743.331723  2 0.0022  1482 | 4/33
 39 h-m-p  0.0058 0.0291  16.1862 YYCC   1743.090455  3 0.0044  1522 | 4/33
 40 h-m-p  0.0017 0.0149  42.1901 +YCC   1742.443598  2 0.0050  1562 | 4/33
 41 h-m-p  0.0033 0.0222  63.2083 CCC    1741.928090  2 0.0029  1602 | 4/33
 42 h-m-p  0.0050 0.0387  36.2615 CCCC   1741.170451  3 0.0077  1644 | 4/33
 43 h-m-p  0.0110 0.0548   8.8355 YCCC   1740.811313  3 0.0190  1685 | 3/33
 44 h-m-p  0.0194 0.1246   8.6218 ----CC  1740.810277  1 0.0000  1727 | 3/33
 45 h-m-p  0.0001 0.0664   9.1047 +++YCC  1740.722948  2 0.0060  1769 | 3/33
 46 h-m-p  0.0164 0.0829   3.3086 CC     1740.663384  1 0.0144  1807 | 3/33
 47 h-m-p  0.0234 0.1171   1.4611 CCC    1740.603162  2 0.0355  1847 | 3/33
 48 h-m-p  0.0139 0.0697   2.2266 CCC    1740.550748  2 0.0178  1887 | 3/33
 49 h-m-p  0.0086 0.3320   4.6229 +CCC   1740.204632  2 0.0529  1928 | 3/33
 50 h-m-p  0.0397 0.1984   1.5451 YCC    1740.172898  2 0.0282  1967 | 2/33
 51 h-m-p  0.0358 0.2372   1.2196 -CC    1740.171864  1 0.0020  2006 | 2/33
 52 h-m-p  0.0008 0.0547   2.9364 ++CC   1740.146231  1 0.0201  2046 | 2/33
 53 h-m-p  0.0651 0.5931   0.9053 YC     1740.136319  1 0.0313  2083 | 2/33
 54 h-m-p  0.0691 0.4463   0.4105 +YC    1740.105081  1 0.2019  2152 | 2/33
 55 h-m-p  0.0153 0.0766   0.6637 ++     1740.078309  m 0.0766  2219 | 2/33
 56 h-m-p -0.0000 -0.0000   0.4100 
h-m-p:     -3.11475859e-19     -1.55737929e-18      4.10000314e-01  1740.078309
..  | 2/33
 57 h-m-p  0.0000 0.0004  13.4898 +CC    1740.074337  1 0.0000  2353 | 2/33
 58 h-m-p  0.0000 0.0009  38.0667 +YC    1740.052421  1 0.0001  2391 | 2/33
 59 h-m-p  0.0008 0.0038   3.1071 CC     1740.049638  1 0.0006  2429 | 2/33
 60 h-m-p  0.0013 0.0212   1.4840 YC     1740.049030  1 0.0007  2466 | 2/33
 61 h-m-p  0.0009 0.0119   1.1564 CC     1740.048534  1 0.0012  2504 | 2/33
 62 h-m-p  0.0006 0.0091   2.1234 YC     1740.047509  1 0.0016  2541 | 2/33
 63 h-m-p  0.0007 0.1231   4.9930 +CC    1740.042658  1 0.0033  2580 | 2/33
 64 h-m-p  0.0014 0.0190  12.1870 CC     1740.038736  1 0.0011  2618 | 2/33
 65 h-m-p  0.0010 0.0341  14.2340 CC     1740.033448  1 0.0013  2656 | 2/33
 66 h-m-p  0.0015 0.0076  11.0089 YC     1740.031027  1 0.0008  2693 | 2/33
 67 h-m-p  0.0029 0.0371   3.0095 YC     1740.029463  1 0.0021  2730 | 2/33
 68 h-m-p  0.0013 0.0172   4.8829 +YC    1740.024562  1 0.0042  2768 | 2/33
 69 h-m-p  0.0017 0.0086   4.6571 C      1740.022880  0 0.0016  2804 | 2/33
 70 h-m-p  0.0030 0.0447   2.5745 YC     1740.019879  1 0.0056  2841 | 2/33
 71 h-m-p  0.0017 0.0117   8.2764 CC     1740.016511  1 0.0020  2879 | 2/33
 72 h-m-p  0.0059 0.2495   2.8489 YC     1740.009531  1 0.0131  2916 | 2/33
 73 h-m-p  0.0050 0.0249   1.7577 YC     1740.008553  1 0.0033  2953 | 2/33
 74 h-m-p  0.0013 0.1681   4.6779 +YC    1740.005471  1 0.0041  2991 | 2/33
 75 h-m-p  0.0116 0.3410   1.6317 CC     1740.002093  1 0.0140  3029 | 2/33
 76 h-m-p  0.0295 0.5677   0.7763 CC     1740.001152  1 0.0099  3067 | 2/33
 77 h-m-p  0.0179 2.5224   0.4287 CC     1740.000095  1 0.0264  3136 | 2/33
 78 h-m-p  0.0251 0.3395   0.4511 YC     1739.999644  1 0.0131  3204 | 2/33
 79 h-m-p  0.0210 0.4365   0.2818 YC     1739.998981  1 0.0394  3272 | 2/33
 80 h-m-p  0.0428 1.9474   0.2594 YC     1739.998702  1 0.0222  3340 | 2/33
 81 h-m-p  0.0282 0.9220   0.2046 CC     1739.998396  1 0.0378  3409 | 2/33
 82 h-m-p  0.0254 1.4064   0.3048 +YC    1739.997681  1 0.0666  3478 | 2/33
 83 h-m-p  0.2263 8.0000   0.0897 YC     1739.997601  1 0.0359  3546 | 2/33
 84 h-m-p  0.0435 8.0000   0.0740 YC     1739.997490  1 0.0802  3614 | 2/33
 85 h-m-p  0.7977 5.3315   0.0074 Y      1739.997484  0 0.1104  3681 | 2/33
 86 h-m-p  0.2050 8.0000   0.0040 +Y     1739.997465  0 0.5328  3749 | 2/33
 87 h-m-p  1.6000 8.0000   0.0003 Y      1739.997464  0 1.1089  3816 | 2/33
 88 h-m-p  1.6000 8.0000   0.0001 Y      1739.997464  0 1.0689  3883 | 2/33
 89 h-m-p  1.6000 8.0000   0.0000 C      1739.997464  0 0.4000  3950 | 2/33
 90 h-m-p  0.6244 8.0000   0.0000 C      1739.997464  0 0.1561  4017 | 2/33
 91 h-m-p  0.1861 8.0000   0.0000 ----Y  1739.997464  0 0.0002  4088
Out..
lnL  = -1739.997464
4089 lfun, 20445 eigenQcodon, 408900 P(t)
end of tree file.

Time used:  3:50
