
 15         verbose | verbose                1.00
  7         runmode | runmode                0.00
  4         seqtype | seqtype                1.00
 13       CodonFreq | CodonFreq              2.00
  9           clock | clock                  0.00
 16           model | model                  0.00
 20         NSsites | NSsites                3.00
 22           icode | icode                  0.00
 23           Mgene | Mgene                  0.00
 24       fix_kappa | fix_kappa              0.00
 25           kappa | kappa                  4.00
 26       fix_omega | fix_omega              0.00
 27           omega | omega                  0.40
 28       fix_alpha | fix_alpha              1.00
 29           alpha | alpha                  0.00
 30          Malpha | Malpha                 0.00
 31           ncatG | ncatG                  3.00
 11           getSE | getSE                  0.00
 12    RateAncestor | RateAncestor           0.00
 36      Small_Diff | Small_Diff             0.00
  6       cleandata | cleandata              1.00
 37     fix_blength | fix_blength            0.00
  8          method | method                 0.00
CODONML in paml version 4.9i, September 2018

----------------------------------------------
Phe F TTT | Ser S TCT | Tyr Y TAT | Cys C TGT
      TTC |       TCC |       TAC |       TGC
Leu L TTA |       TCA | *** * TAA | *** * TGA
      TTG |       TCG |       TAG | Trp W TGG
----------------------------------------------
Leu L CTT | Pro P CCT | His H CAT | Arg R CGT
      CTC |       CCC |       CAC |       CGC
      CTA |       CCA | Gln Q CAA |       CGA
      CTG |       CCG |       CAG |       CGG
----------------------------------------------
Ile I ATT | Thr T ACT | Asn N AAT | Ser S AGT
      ATC |       ACC |       AAC |       AGC
      ATA |       ACA | Lys K AAA | Arg R AGA
Met M ATG |       ACG |       AAG |       AGG
----------------------------------------------
Val V GTT | Ala A GCT | Asp D GAT | Gly G GGT
      GTC |       GCC |       GAC |       GGC
      GTA |       GCA | Glu E GAA |       GGA
      GTG |       GCG |       GAG |       GGG
----------------------------------------------
Nice code, uuh?


Ambiguity character definition table:

T (1): T 
C (1): C 
A (1): A 
G (1): G 
U (1): T 
Y (2): T C 
R (2): A G 
M (2): C A 
K (2): T G 
S (2): C G 
W (2): T A 
H (3): T C A 
B (3): T C G 
V (3): C A G 
D (3): T A G 
- (4): T C A G 
N (4): T C A G 
? (4): T C A G 
ns = 14  	ls = 324
Reading sequences, sequential format..
Reading seq # 1: Human       
Reading seq # 2: Rattus       
Reading seq # 3: Gallus       
Reading seq # 4: Canis       
Reading seq # 5: Mus       
Reading seq # 6: Bos       
Reading seq # 7: Murina       
Reading seq # 8: Rhinolophus       
Reading seq # 9: Scotophilus       
Reading seq #10: Danio       
Reading seq #11: Osmerus       
Reading seq #12: Salmo       
Reading seq #13: Xenopus       
Reading seq #14: Anoplopoma       

Sequences read..
Counting site patterns..  0:00
Compressing,    106 patterns at    108 /    108 sites (100.0%),  0:00
Collecting fpatt[] & pose[],    106 patterns at    108 /    108 sites (100.0%),  0:00
Counting codons..

      728 bytes for distance
   103456 bytes for conP
     2544 bytes for fhK
  5000000 bytes for space

TREE #  1
(1, (2, 5), (((3, (((7, 9), 8), ((((10, 14), 12), 11), 13))), 6), 4));   MP score: 325
   620736 bytes for conP, adjusted

    0.098281    0.102986    0.075046    0.085674    0.019931    0.057965    0.018475    0.086994    0.036290    0.105157    0.081075    0.100510    0.027802    0.064730    0.084384    0.010966    0.099692    0.073824    0.070734    0.049747    0.010010    0.071839    0.056253    0.032667    0.070621    4.000000    0.053268    0.147729    0.200000    0.483566    0.676595

ntime & nrate & np:    25     4    31

Bounds (np=31):
   0.000004   0.000004   0.000004   0.000004   0.000004   0.000004   0.000004   0.000004   0.000004   0.000004   0.000004   0.000004   0.000004   0.000004   0.000004   0.000004   0.000004   0.000004   0.000004   0.000004   0.000004   0.000004   0.000004   0.000004   0.000004   0.000100 -99.000000 -99.000000   0.000001   0.000001   0.000001
  50.000000  50.000000  50.000000  50.000000  50.000000  50.000000  50.000000  50.000000  50.000000  50.000000  50.000000  50.000000  50.000000  50.000000  50.000000  50.000000  50.000000  50.000000  50.000000  50.000000  50.000000  50.000000  50.000000  50.000000  50.000000 999.000000  99.000000  99.000000 999.000000 999.000000 999.000000
Qfactor_NS = 5.117858

np =    31
lnL0 = -2230.774750

Iterating by ming2
Initial: fx=  2230.774750
x=  0.09828  0.10299  0.07505  0.08567  0.01993  0.05797  0.01848  0.08699  0.03629  0.10516  0.08108  0.10051  0.02780  0.06473  0.08438  0.01097  0.09969  0.07382  0.07073  0.04975  0.01001  0.07184  0.05625  0.03267  0.07062  4.00000  0.05327  0.14773  0.20000  0.48357  0.67660

  1 h-m-p  0.0000 0.0014 2042.0451 ++++   1860.907145  m 0.0014    38 | 0/31
  2 h-m-p  0.0000 0.0000 1256.6927 +YCCC  1854.302531  3 0.0000    78 | 0/31
  3 h-m-p  0.0001 0.0023 570.2408 CYCCC  1853.206788  4 0.0000   119 | 0/31
  4 h-m-p  0.0000 0.0007 200.9774 +++    1841.382297  m 0.0007   154 | 0/31
  5 h-m-p  0.0001 0.0007 441.1976 +YYYYCCC  1813.525376  6 0.0006   197 | 0/31
  6 h-m-p  0.0003 0.0016  66.4963 CYCCC  1812.347316  4 0.0006   238 | 0/31
  7 h-m-p  0.0002 0.0008 162.8495 ++     1807.544070  m 0.0008   272 | 0/31
  8 h-m-p -0.0000 -0.0000 538.3731 
h-m-p:     -3.06678810e-21     -1.53339405e-20      5.38373065e+02  1807.544070
..  | 0/31
  9 h-m-p  0.0000 0.0000 213.2762 ++     1806.959653  m 0.0000   337 | 1/31
 10 h-m-p  0.0000 0.0004 171.8912 +YCCC  1805.696629  3 0.0001   377 | 1/31
 11 h-m-p  0.0000 0.0000 112.2100 ++     1805.615257  m 0.0000   411 | 2/31
 12 h-m-p  0.0000 0.0007 159.1646 ++++   1800.562837  m 0.0007   447 | 2/31
 13 h-m-p  0.0000 0.0002 1267.2326 +YYYCCC  1793.395023  5 0.0001   489 | 2/31
 14 h-m-p  0.0000 0.0002 380.2013 ++     1790.109810  m 0.0002   523 | 2/31
 15 h-m-p  0.0000 0.0000 289.6186 
h-m-p:      2.32997629e-21      1.16498814e-20      2.89618614e+02  1790.109810
..  | 2/31
 16 h-m-p  0.0000 0.0003 615.1339 +YCYCCC  1785.386194  5 0.0001   597 | 2/31
 17 h-m-p  0.0002 0.0010 134.0087 +YYCCCC  1779.688306  5 0.0006   640 | 1/31
 18 h-m-p  0.0000 0.0000 4262.2322 +CCC   1776.056521  2 0.0000   679 | 1/31
 19 h-m-p  0.0000 0.0001  99.1838 ++     1775.534150  m 0.0001   713 | 1/31
 20 h-m-p  0.0000 0.0002 183.4378 +CCC   1774.857308  2 0.0002   752 | 1/31
 21 h-m-p  0.0000 0.0002  31.6895 ++     1774.731111  m 0.0002   786 | 2/31
 22 h-m-p  0.0000 0.0030 215.2081 +++YCCCC  1768.535734  4 0.0022   830 | 2/31
 23 h-m-p  0.0001 0.0007 532.7928 +YCC   1765.181167  2 0.0006   868 | 2/31
 24 h-m-p  0.0001 0.0006 427.5089 ++     1761.620837  m 0.0006   902 | 3/31
 25 h-m-p  0.0008 0.0039 179.2722 YCYCCC  1758.037360  5 0.0017   944 | 3/31
 26 h-m-p  0.0001 0.0006  59.7861 ++     1757.699798  m 0.0006   978 | 3/31
 27 h-m-p  0.0006 0.0101  60.6277 +YCCC  1753.988446  3 0.0043  1018 | 3/31
 28 h-m-p  0.0021 0.0105  36.3394 CCCCC  1752.847800  4 0.0029  1060 | 3/31
 29 h-m-p  0.0022 0.0109  40.6675 +CCC   1751.175076  2 0.0075  1099 | 3/31
 30 h-m-p  0.0005 0.0024  71.6635 ++     1750.147433  m 0.0024  1133 | 3/31
 31 h-m-p -0.0000 -0.0000  63.5065 
h-m-p:     -6.01181664e-20     -3.00590832e-19      6.35065409e+01  1750.147433
..  | 3/31
 32 h-m-p  0.0000 0.0008  75.9145 ++YCCCC  1748.921458  4 0.0004  1207 | 2/31
 33 h-m-p  0.0000 0.0000 1296.6564 +YCC   1748.074163  2 0.0000  1245 | 2/31
 34 h-m-p  0.0004 0.0018  66.5184 CCC    1747.417364  2 0.0005  1283 | 2/31
 35 h-m-p  0.0011 0.0059  29.8194 YCCC   1747.160968  3 0.0008  1322 | 2/31
 36 h-m-p  0.0007 0.0098  33.3076 +CCC   1746.428294  2 0.0029  1361 | 2/31
 37 h-m-p  0.0004 0.0019  62.0658 ++     1745.466375  m 0.0019  1395 | 2/31
 38 h-m-p  0.0001 0.0007  93.4115 ++     1745.039786  m 0.0007  1429 | 3/31
 39 h-m-p  0.0002 0.0011  30.7714 ++     1744.893052  m 0.0011  1463 | 4/31
 40 h-m-p  0.0003 0.0013  18.8648 YCCC   1744.863627  3 0.0002  1502 | 3/31
 41 h-m-p  0.0000 0.0003  83.9535 +YYYC  1744.818809  3 0.0001  1540 | 3/31
 42 h-m-p  0.0002 0.0017  47.3504 ++     1744.532786  m 0.0017  1574 | 3/31
 43 h-m-p  0.0016 0.0096  49.5510 CCC    1744.248400  2 0.0017  1612 | 3/31
 44 h-m-p  0.0001 0.0006  60.0594 ++     1744.089090  m 0.0006  1646 | 4/31
 45 h-m-p  0.0008 0.0084  50.8502 +YCC   1743.775651  2 0.0021  1684 | 4/31
 46 h-m-p  0.0008 0.0053 124.7739 YCCC   1743.007322  3 0.0019  1723 | 4/31
 47 h-m-p  0.0050 0.0252  22.1794 YYC    1742.793292  2 0.0037  1759 | 3/31
 48 h-m-p  0.0024 0.0269  34.4474 YCCCC  1742.419834  4 0.0011  1800 | 3/31
 49 h-m-p  0.0008 0.0097  49.7003 +CYCCC  1741.536647  4 0.0042  1842 | 3/31
 50 h-m-p  0.0095 0.0476  15.5156 CCC    1741.270061  2 0.0124  1880 | 3/31
 51 h-m-p  0.0082 0.0596  23.3922 CCC    1740.773195  2 0.0109  1918 | 2/31
 52 h-m-p  0.0004 0.0020 573.9698 -YCC   1740.759958  2 0.0000  1956 | 2/31
 53 h-m-p  0.0024 0.1335   3.2474 ++CCC  1740.609345  2 0.0344  1996 | 2/31
 54 h-m-p  0.0252 0.1262   2.2895 CCC    1740.552562  2 0.0218  2034 | 2/31
 55 h-m-p  0.0154 0.0964   3.2333 YC     1740.408978  1 0.0377  2069 | 2/31
 56 h-m-p  0.0136 0.0678   3.6237 +YCC   1740.237617  2 0.0402  2107 | 2/31
 57 h-m-p  0.0249 0.1243   1.2644 ++     1740.080009  m 0.1243  2141 | 3/31
 58 h-m-p  0.0524 0.2621   0.7316 YC     1740.063147  1 0.0423  2176 | 2/31
 59 h-m-p  0.0164 0.0820   1.3121 CCC    1740.049180  2 0.0238  2242 | 2/31
 60 h-m-p  0.0268 0.1338   0.3474 +CC    1740.038043  1 0.0977  2279 | 2/31
 61 h-m-p  0.1214 1.7116   0.2795 CC     1740.028359  1 0.1355  2344 | 2/31
 62 h-m-p  0.0389 1.6966   0.9749 CC     1740.016543  1 0.0546  2409 | 2/31
 63 h-m-p  0.1335 0.9586   0.3990 YC     1740.011215  1 0.0820  2473 | 2/31
 64 h-m-p  0.3313 3.5933   0.0987 YC     1740.004535  1 0.6001  2537 | 2/31
 65 h-m-p  0.9540 4.7699   0.0432 YC     1740.000658  1 0.7176  2601 | 2/31
 66 h-m-p  0.9407 5.0002   0.0330 CC     1739.998131  1 1.3008  2666 | 2/31
 67 h-m-p  1.6000 8.0000   0.0114 YC     1739.997541  1 1.2721  2730 | 2/31
 68 h-m-p  1.6000 8.0000   0.0043 YC     1739.997469  1 1.0584  2794 | 2/31
 69 h-m-p  1.6000 8.0000   0.0016 Y      1739.997463  0 0.9630  2857 | 2/31
 70 h-m-p  1.6000 8.0000   0.0005 Y      1739.997462  0 0.9456  2920 | 2/31
 71 h-m-p  1.6000 8.0000   0.0002 Y      1739.997462  0 0.8457  2983 | 2/31
 72 h-m-p  1.6000 8.0000   0.0000 C      1739.997462  0 0.5748  3046 | 2/31
 73 h-m-p  1.6000 8.0000   0.0000 Y      1739.997462  0 0.4000  3109 | 2/31
 74 h-m-p  0.5515 8.0000   0.0000 ----C  1739.997462  0 0.0005  3176
Out..
lnL  = -1739.997462
3177 lfun, 12708 eigenQcodon, 238275 P(t)
end of tree file.

Time used:  2:14
