
 15         verbose | verbose                1.00
  7         runmode | runmode                0.00
  4         seqtype | seqtype                1.00
 13       CodonFreq | CodonFreq              2.00
 16           model | model                  0.00
 20         NSsites | NSsites                3.00
 22           icode | icode                  0.00
 23           Mgene | Mgene                  0.00
 24       fix_kappa | fix_kappa              0.00
 25           kappa | kappa                  4.00
 26       fix_omega | fix_omega              0.00
 27           omega | omega                  0.40
 31           ncatG | ncatG                  2.00
 36      Small_Diff | Small_Diff             0.00
  6       cleandata | cleandata              1.00
 37     fix_blength | fix_blength            0.00
  8          method | method                 0.00
CODONML in paml version 4.9h, March 2018

----------------------------------------------
Phe F TTT | Ser S TCT | Tyr Y TAT | Cys C TGT
      TTC |       TCC |       TAC |       TGC
Leu L TTA |       TCA | *** * TAA | *** * TGA
      TTG |       TCG |       TAG | Trp W TGG
----------------------------------------------
Leu L CTT | Pro P CCT | His H CAT | Arg R CGT
      CTC |       CCC |       CAC |       CGC
      CTA |       CCA | Gln Q CAA |       CGA
      CTG |       CCG |       CAG |       CGG
----------------------------------------------
Ile I ATT | Thr T ACT | Asn N AAT | Ser S AGT
      ATC |       ACC |       AAC |       AGC
      ATA |       ACA | Lys K AAA | Arg R AGA
Met M ATG |       ACG |       AAG |       AGG
----------------------------------------------
Val V GTT | Ala A GCT | Asp D GAT | Gly G GGT
      GTC |       GCC |       GAC |       GGC
      GTA |       GCA | Glu E GAA |       GGA
      GTG |       GCG |       GAG |       GGG
----------------------------------------------
Nice code, uuh?


Ambiguity character definition table:

T (1): T 
C (1): C 
A (1): A 
G (1): G 
U (1): T 
Y (2): T C 
R (2): A G 
M (2): C A 
K (2): T G 
S (2): C G 
W (2): T A 
H (3): T C A 
B (3): T C G 
V (3): C A G 
D (3): T A G 
- (4): T C A G 
N (4): T C A G 
? (4): T C A G 
ns = 14  	ls = 900
Reading sequences, sequential format..
Reading seq # 1: sequence1       
Reading seq # 2: sequence2       
Reading seq # 3: sequence3       
Reading seq # 4: sequence4       
Reading seq # 5: sequence5       
Reading seq # 6: sequence6       
Reading seq # 7: sequence7       
Reading seq # 8: sequence8       
Reading seq # 9: sequence9       
Reading seq #10: sequence10       
Reading seq #11: sequence11       
Reading seq #12: sequence12       
Reading seq #13: sequence13       
Reading seq #14: sequence14       

Sequences read..
Counting site patterns..  0:00
Compressing,    259 patterns at    300 /    300 sites (100.0%),  0:00
Collecting fpatt[] & pose[],    259 patterns at    300 /    300 sites (100.0%),  0:00
Counting codons..

      728 bytes for distance
   252784 bytes for conP
     4144 bytes for fhK
  5000000 bytes for space

TREE #  1
(1, ((2, ((3, (4, 5)), ((6, 7), ((8, 9), (10, (11, (12, 13))))))), 14));   MP score: 886
This is a rooted tree, without clock.  Check.

  1643096 bytes for conP, adjusted

    0.104899    0.075085    0.055918    0.099567    0.078733    0.026545    0.040022    0.077632    0.076129    0.065775    0.019834    0.049778    0.068591    0.108920    0.035141    0.057712    0.038897    0.079362    0.063170    0.104827    0.088003    0.096284    0.029745    0.053121    0.045364    0.038925    4.000000    0.005699    0.200000    0.543773

ntime & nrate & np:    26     3    30

Bounds (np=30):
   0.000004   0.000004   0.000004   0.000004   0.000004   0.000004   0.000004   0.000004   0.000004   0.000004   0.000004   0.000004   0.000004   0.000004   0.000004   0.000004   0.000004   0.000004   0.000004   0.000004   0.000004   0.000004   0.000004   0.000004   0.000004   0.000004   0.000100 -99.000000   0.000001   0.000001
  50.000000  50.000000  50.000000  50.000000  50.000000  50.000000  50.000000  50.000000  50.000000  50.000000  50.000000  50.000000  50.000000  50.000000  50.000000  50.000000  50.000000  50.000000  50.000000  50.000000  50.000000  50.000000  50.000000  50.000000  50.000000  50.000000 999.000000  99.000000 999.000000 999.000000
Qfactor_NS = 5.812179

np =    30
lnL0 = -6039.554458

Iterating by ming2
Initial: fx=  6039.554458
x=  0.10490  0.07508  0.05592  0.09957  0.07873  0.02654  0.04002  0.07763  0.07613  0.06577  0.01983  0.04978  0.06859  0.10892  0.03514  0.05771  0.03890  0.07936  0.06317  0.10483  0.08800  0.09628  0.02974  0.05312  0.04536  0.03892  4.00000  0.00570  0.20000  0.54377

  1 h-m-p  0.0000 0.0001 4364.9638 ++     5239.959677  m 0.0001    35 | 1/30
  2 h-m-p  0.0000 0.0001 1390.3805 ++     5096.732751  m 0.0001    68 | 2/30
  3 h-m-p  0.0000 0.0000 4742.9599 ++     5067.061784  m 0.0000   101 | 3/30
  4 h-m-p  0.0000 0.0000 1026.6297 ++     5050.173902  m 0.0000   134 | 4/30
  5 h-m-p  0.0000 0.0000 502.7424 ++     5047.940085  m 0.0000   167 | 5/30
  6 h-m-p  0.0000 0.0003 470.2313 +++    5028.397723  m 0.0003   201 | 5/30
  7 h-m-p  0.0000 0.0000 574.7648 
h-m-p:      4.20970266e-21      2.10485133e-20      5.74764774e+02  5028.397723
..  | 5/30
  8 h-m-p  0.0000 0.0002 551.2443 +++    4985.184723  m 0.0002   265 | 6/30
  9 h-m-p  0.0000 0.0001 2192.8175 ++     4927.638263  m 0.0001   298 | 6/30
 10 h-m-p  0.0000 0.0000 328.3761 ++     4924.571285  m 0.0000   331 | 7/30
 11 h-m-p  0.0000 0.0001 391.0259 ++     4918.586483  m 0.0001   364 | 7/30
 12 h-m-p  0.0001 0.0003 279.4469 ++     4911.579783  m 0.0003   397 | 6/30
 13 h-m-p  0.0000 0.0000 1198.8099 
h-m-p:      9.06066847e-22      4.53033424e-21      1.19880989e+03  4911.579783
..  | 6/30
 14 h-m-p  0.0000 0.0002 400.5720 YCCCC  4911.129639  4 0.0000   467 | 6/30
 15 h-m-p  0.0000 0.0001 578.2291 +CYYCYCYC  4902.799341  7 0.0001   511 | 6/30
 16 h-m-p  0.0001 0.0003 206.0523 ++     4898.061857  m 0.0003   544 | 7/30
 17 h-m-p  0.0001 0.0005 286.3903 ++     4888.774782  m 0.0005   577 | 7/30
 18 h-m-p  0.0002 0.0011 319.4780 +YCCCC  4880.233145  4 0.0006   618 | 7/30
 19 h-m-p  0.0001 0.0006 140.3863 +YCCC  4878.193571  3 0.0004   657 | 7/30
 20 h-m-p  0.0008 0.0094  72.6097 YCCC   4877.723162  3 0.0003   695 | 7/30
 21 h-m-p  0.0003 0.0039  84.9912 +YYYCCC  4876.083422  5 0.0011   736 | 7/30
 22 h-m-p  0.0014 0.0089  67.3910 CCCC   4874.511914  3 0.0017   775 | 7/30
 23 h-m-p  0.0018 0.0199  62.9440 CCC    4873.045824  2 0.0022   812 | 7/30
 24 h-m-p  0.0020 0.0099  67.7311 CCCC   4871.510220  3 0.0024   851 | 7/30
 25 h-m-p  0.0025 0.0131  63.5256 YC     4870.907409  1 0.0012   885 | 7/30
 26 h-m-p  0.0043 0.0214  17.0362 CCC    4870.751925  2 0.0017   922 | 7/30
 27 h-m-p  0.0025 0.0226  11.1570 CC     4870.663963  1 0.0023   957 | 7/30
 28 h-m-p  0.0033 0.0843   7.5548 YC     4870.617991  1 0.0027   991 | 7/30
 29 h-m-p  0.0027 0.1179   7.3802 CC     4870.578489  1 0.0030  1026 | 7/30
 30 h-m-p  0.0038 0.1995   5.7529 CC     4870.536585  1 0.0051  1061 | 7/30
 31 h-m-p  0.0016 0.1356  18.8670 +CC    4870.399618  1 0.0054  1097 | 7/30
 32 h-m-p  0.0053 0.0615  19.2968 YC     4870.326720  1 0.0029  1131 | 7/30
 33 h-m-p  0.0021 0.0261  26.3219 CC     4870.239617  1 0.0026  1166 | 7/30
 34 h-m-p  0.0231 0.1212   2.9879 CC     4870.220603  1 0.0055  1201 | 7/30
 35 h-m-p  0.1487 1.8940   0.1100 +YCC   4869.757047  2 0.5092  1238 | 7/30
 36 h-m-p  0.0087 0.0522   6.4522 CYC    4869.201053  2 0.0083  1297 | 7/30
 37 h-m-p  0.0274 0.2505   1.9631 CC     4869.189492  1 0.0058  1332 | 7/30
 38 h-m-p  1.0757 8.0000   0.0106 C      4869.169539  0 1.0757  1365 | 7/30
 39 h-m-p  1.6000 8.0000   0.0014 YC     4869.169278  1 0.9533  1422 | 7/30
 40 h-m-p  1.6000 8.0000   0.0003 Y      4869.169270  0 0.9969  1478 | 7/30
 41 h-m-p  1.6000 8.0000   0.0000 Y      4869.169270  0 0.9775  1534 | 7/30
 42 h-m-p  1.6000 8.0000   0.0000 C      4869.169270  0 1.2884  1590 | 7/30
 43 h-m-p  1.6000 8.0000   0.0000 --Y    4869.169270  0 0.0250  1648 | 7/30
 44 h-m-p  0.0160 8.0000   0.0000 C      4869.169270  0 0.0040  1704
Out..
lnL  = -4869.169270
1705 lfun, 5115 eigenQcodon, 88660 P(t)
end of tree file.

Time used:  2:58
