
 15         verbose | verbose                1.00
  7         runmode | runmode                0.00
  4         seqtype | seqtype                1.00
 13       CodonFreq | CodonFreq              2.00
  9           clock | clock                  0.00
 16           model | model                  0.00
 20         NSsites | NSsites                0.00
 22           icode | icode                  0.00
 23           Mgene | Mgene                  0.00
 24       fix_kappa | fix_kappa              1.00
 25           kappa | kappa                  4.00
 26       fix_omega | fix_omega              0.00
 27           omega | omega                  0.40
 28       fix_alpha | fix_alpha              1.00
 29           alpha | alpha                  0.00
 30          Malpha | Malpha                 0.00
 31           ncatG | ncatG                  4.00
 11           getSE | getSE                  0.00
 12    RateAncestor | RateAncestor           0.00
 36      Small_Diff | Small_Diff             0.00
  6       cleandata | cleandata              1.00
 37     fix_blength | fix_blength            0.00
  8          method | method                 0.00
CODONML in paml version 4.9h, March 2018

----------------------------------------------
Phe F TTT | Ser S TCT | Tyr Y TAT | Cys C TGT
      TTC |       TCC |       TAC |       TGC
Leu L TTA |       TCA | *** * TAA | *** * TGA
      TTG |       TCG |       TAG | Trp W TGG
----------------------------------------------
Leu L CTT | Pro P CCT | His H CAT | Arg R CGT
      CTC |       CCC |       CAC |       CGC
      CTA |       CCA | Gln Q CAA |       CGA
      CTG |       CCG |       CAG |       CGG
----------------------------------------------
Ile I ATT | Thr T ACT | Asn N AAT | Ser S AGT
      ATC |       ACC |       AAC |       AGC
      ATA |       ACA | Lys K AAA | Arg R AGA
Met M ATG |       ACG |       AAG |       AGG
----------------------------------------------
Val V GTT | Ala A GCT | Asp D GAT | Gly G GGT
      GTC |       GCC |       GAC |       GGC
      GTA |       GCA | Glu E GAA |       GGA
      GTG |       GCG |       GAG |       GGG
----------------------------------------------
Nice code, uuh?


Ambiguity character definition table:

T (1): T 
C (1): C 
A (1): A 
G (1): G 
U (1): T 
Y (2): T C 
R (2): A G 
M (2): C A 
K (2): T G 
S (2): C G 
W (2): T A 
H (3): T C A 
B (3): T C G 
V (3): C A G 
D (3): T A G 
- (4): T C A G 
N (4): T C A G 
? (4): T C A G 
ns = 14  	ls = 900
Reading sequences, sequential format..
Reading seq # 1: sequence1       
Reading seq # 2: sequence2       
Reading seq # 3: sequence3       
Reading seq # 4: sequence4       
Reading seq # 5: sequence5       
Reading seq # 6: sequence6       
Reading seq # 7: sequence7       
Reading seq # 8: sequence8       
Reading seq # 9: sequence9       
Reading seq #10: sequence10       
Reading seq #11: sequence11       
Reading seq #12: sequence12       
Reading seq #13: sequence13       
Reading seq #14: sequence14       

Sequences read..
Counting site patterns..  0:00
Compressing,    259 patterns at    300 /    300 sites (100.0%),  0:00
Collecting fpatt[] & pose[],    259 patterns at    300 /    300 sites (100.0%),  0:00
Counting codons..

      728 bytes for distance
   252784 bytes for conP
        1 bytes for fhK
  5000000 bytes for space

TREE #  1
(1, ((2, ((3, (4, 5)), ((6, 7), ((8, 9), (10, (11, (12, 13))))))), 14));   MP score: 886
This is a rooted tree, without clock.  Check.

  1643096 bytes for conP, adjusted

    0.064159    0.108554    0.036249    0.079735    0.062325    0.032535    0.063189    0.087194    0.050597    0.090506    0.070976    0.042004    0.085649    0.030510    0.017748    0.048935    0.083753    0.027802    0.077144    0.052869    0.051602    0.103202    0.080411    0.106912    0.015876    0.056195    0.400000

ntime & nrate & np:    26     1    27

Bounds (np=27):
   0.000004   0.000004   0.000004   0.000004   0.000004   0.000004   0.000004   0.000004   0.000004   0.000004   0.000004   0.000004   0.000004   0.000004   0.000004   0.000004   0.000004   0.000004   0.000004   0.000004   0.000004   0.000004   0.000004   0.000004   0.000004   0.000004   0.000100
  50.000000  50.000000  50.000000  50.000000  50.000000  50.000000  50.000000  50.000000  50.000000  50.000000  50.000000  50.000000  50.000000  50.000000  50.000000  50.000000  50.000000  50.000000  50.000000  50.000000  50.000000  50.000000  50.000000  50.000000  50.000000  50.000000 999.000000

np =    27
lnL0 = -6182.510072

Iterating by ming2
Initial: fx=  6182.510072
x=  0.06416  0.10855  0.03625  0.07974  0.06232  0.03253  0.06319  0.08719  0.05060  0.09051  0.07098  0.04200  0.08565  0.03051  0.01775  0.04893  0.08375  0.02780  0.07714  0.05287  0.05160  0.10320  0.08041  0.10691  0.01588  0.05620  0.40000

  1 h-m-p  0.0000 0.0002 7166.6064 +++    5329.982461  m 0.0002    33 | 0/27
  2 h-m-p  0.0000 0.0000 1572.6693 ++     5271.559017  m 0.0000    63 | 1/27
  3 h-m-p  0.0000 0.0000 2927.0468 ++     5268.443084  m 0.0000    93 | 2/27
  4 h-m-p  0.0000 0.0002 714.3435 +++    5208.208956  m 0.0002   124 | 3/27
  5 h-m-p  0.0000 0.0000 862.4571 ++     5203.868890  m 0.0000   154 | 4/27
  6 h-m-p  0.0000 0.0002 281.5396 ++     5192.671070  m 0.0002   184 | 5/27
  7 h-m-p  0.0001 0.0006 411.2510 ++     5168.198695  m 0.0006   214 | 6/27
  8 h-m-p  0.0008 0.0038 140.7641 YCCCC  5144.185586  4 0.0019   251 | 6/27
  9 h-m-p  0.0003 0.0013  76.7203 ++     5133.742857  m 0.0013   281 | 6/27
 10 h-m-p  0.0000 0.0001 854.7443 ++     5125.023267  m 0.0001   311 | 7/27
 11 h-m-p  0.0010 0.0052  63.2411 CCCCC  5119.801484  4 0.0011   349 | 7/27
 12 h-m-p  0.0007 0.0037  83.8819 CCCCC  5115.425241  4 0.0010   387 | 7/27
 13 h-m-p  0.0013 0.0064  51.7183 CCCCC  5111.330612  4 0.0017   425 | 7/27
 14 h-m-p  0.0013 0.0066  37.1728 CCCCC  5106.650002  4 0.0022   463 | 7/27
 15 h-m-p  0.0003 0.0015  39.4323 +YYCCCC  5104.212908  5 0.0009   502 | 7/27
 16 h-m-p  0.0007 0.0040  49.6112 CCCC   5102.893473  3 0.0008   538 | 6/27
 17 h-m-p  0.0008 0.0103  51.3239 YCYCC  5102.430977  4 0.0004   574 | 6/27
 18 h-m-p  0.0004 0.0026  46.7214 +YYCC  5099.928597  3 0.0013   609 | 6/27
 19 h-m-p  0.0007 0.0037  42.8021 YCCC   5097.320462  3 0.0016   644 | 5/27
 20 h-m-p  0.0000 0.0002 490.2566 YCCCC  5097.053934  4 0.0000   681 | 5/27
 21 h-m-p  0.0002 0.0025  52.2119 +CCC   5096.047093  2 0.0010   716 | 5/27
 22 h-m-p  0.0033 0.0167   8.2176 CC     5095.899725  1 0.0029   748 | 5/27
 23 h-m-p  0.0071 0.0415   3.3562 CCC    5095.642856  2 0.0093   782 | 5/27
 24 h-m-p  0.0039 0.0194   2.5084 ++     5093.454521  m 0.0194   812 | 6/27
 25 h-m-p  0.0034 0.0172  11.7171 +YC    5092.163783  1 0.0086   844 | 6/27
 26 h-m-p  0.0051 0.0256   2.8875 ++     5089.559891  m 0.0256   874 | 7/27
 27 h-m-p  0.0065 0.0435  11.4264 YCCC   5086.351668  3 0.0107   909 | 7/27
 28 h-m-p  0.6368 3.1840   0.1584 CCCC   5081.795998  3 0.9404   945 | 7/27
 29 h-m-p  1.4226 8.0000   0.1047 YCCC   5076.257254  3 2.8039  1000 | 7/27
 30 h-m-p  1.2239 6.1194   0.1569 CYCCC  5069.082863  4 2.2053  1057 | 7/27
 31 h-m-p  0.5358 2.6789   0.1342 +YYCCC  5062.731628  4 1.6544  1114 | 7/27
 32 h-m-p  0.9104 4.5518   0.2428 YCCCCC  5058.316932  5 0.9913  1173 | 7/27
 33 h-m-p  1.5864 7.9320   0.1100 YCCC   5057.056987  3 0.9271  1228 | 7/27
 34 h-m-p  1.6000 8.0000   0.0280 YCC    5056.871991  2 1.0867  1281 | 7/27
 35 h-m-p  1.6000 8.0000   0.0137 YCC    5056.828918  2 1.0773  1334 | 7/27
 36 h-m-p  1.3512 8.0000   0.0109 YC     5056.813900  1 0.8536  1385 | 7/27
 37 h-m-p  1.6000 8.0000   0.0053 YC     5056.808258  1 0.9572  1436 | 7/27
 38 h-m-p  1.6000 8.0000   0.0008 YC     5056.807948  1 1.0297  1487 | 7/27
 39 h-m-p  1.6000 8.0000   0.0002 Y      5056.807929  0 1.0768  1537 | 7/27
 40 h-m-p  1.6000 8.0000   0.0001 Y      5056.807928  0 1.1368  1587 | 7/27
 41 h-m-p  1.6000 8.0000   0.0000 C      5056.807927  0 1.4423  1637 | 7/27
 42 h-m-p  1.6000 8.0000   0.0000 Y      5056.807927  0 1.2636  1687 | 7/27
 43 h-m-p  1.6000 8.0000   0.0000 Y      5056.807927  0 1.1926  1737 | 7/27
 44 h-m-p  1.6000 8.0000   0.0000 C      5056.807927  0 1.6000  1787 | 7/27
 45 h-m-p  1.6000 8.0000   0.0000 Y      5056.807927  0 1.6000  1837 | 7/27
 46 h-m-p  1.6000 8.0000   0.0000 ----------------..  | 7/27
 47 h-m-p  0.0160 8.0000   0.0004 ------------- | 7/27
 48 h-m-p  0.0160 8.0000   0.0004 -------------
Out..
lnL  = -5056.807927
2024 lfun, 2024 eigenQcodon, 52624 P(t)

d123[*] =  0.01264  0.00936  0.05672  average  0.02624
    [B] =  0.11986  0.12194  0.07019  average  0.10399
accept  =  0.10543  0.07674  0.80812

w =  0.07674 dN =  0.00798 dS =  0.10399 d4 =  0.06890 (153.3 four-fold sites)
             dN*=  0.00854 dS*=  0.08130 S* = 218.92 N* = 681.08

d123[*] =  0.01984  0.01469  0.08905  average  0.04119
    [B] =  0.18819  0.19144  0.11019  average  0.16327
accept  =  0.10543  0.07674  0.80812

w =  0.07674 dN =  0.01253 dS =  0.16327 d4 =  0.10818 (153.3 four-fold sites)
             dN*=  0.01341 dS*=  0.12763 S* = 218.92 N* = 681.08

d123[*] =  0.00000  0.00000  0.00000  average  0.00000
    [B] =  0.00001  0.00001  0.00000  average  0.00001
accept  =  0.10543  0.07674  0.80812

w =  0.07674 dN =  0.00000 dS =  0.00001 d4 =  0.00000 (153.3 four-fold sites)
             dN*=  0.00000 dS*=  0.00000 S* = 218.92 N* = 681.08

d123[*] =  0.02626  0.01944  0.11785  average  0.05452
    [B] =  0.24905  0.25336  0.14583  average  0.21608
accept  =  0.10543  0.07674  0.80812

w =  0.07674 dN =  0.01658 dS =  0.21608 d4 =  0.14317 (153.3 four-fold sites)
             dN*=  0.01775 dS*=  0.16892 S* = 218.92 N* = 681.08

d123[*] =  0.00000  0.00000  0.00000  average  0.00000
    [B] =  0.00001  0.00001  0.00000  average  0.00001
accept  =  0.10543  0.07674  0.80812

w =  0.07674 dN =  0.00000 dS =  0.00001 d4 =  0.00000 (153.3 four-fold sites)
             dN*=  0.00000 dS*=  0.00000 S* = 218.92 N* = 681.08

d123[*] =  0.00000  0.00000  0.00000  average  0.00000
    [B] =  0.00001  0.00001  0.00000  average  0.00001
accept  =  0.10543  0.07674  0.80812

w =  0.07674 dN =  0.00000 dS =  0.00001 d4 =  0.00000 (153.3 four-fold sites)
             dN*=  0.00000 dS*=  0.00000 S* = 218.92 N* = 681.08

d123[*] =  0.02899  0.02147  0.13012  average  0.06019
    [B] =  0.27498  0.27974  0.16102  average  0.23858
accept  =  0.10543  0.07674  0.80812

w =  0.07674 dN =  0.01831 dS =  0.23858 d4 =  0.15808 (153.3 four-fold sites)
             dN*=  0.01959 dS*=  0.18650 S* = 218.92 N* = 681.08

d123[*] =  0.04343  0.03216  0.19491  average  0.09016
    [B] =  0.41190  0.41902  0.24118  average  0.35737
accept  =  0.10543  0.07674  0.80812

w =  0.07674 dN =  0.02742 dS =  0.35737 d4 =  0.23678 (153.3 four-fold sites)
             dN*=  0.02935 dS*=  0.27936 S* = 218.92 N* = 681.08

d123[*] =  0.10251  0.07591  0.46009  average  0.21284
    [B] =  0.97232  0.98913  0.56934  average  0.84360
accept  =  0.10543  0.07674  0.80812

w =  0.07674 dN =  0.06474 dS =  0.84360 d4 =  0.55894 (153.3 four-fold sites)
             dN*=  0.06928 dS*=  0.65947 S* = 218.92 N* = 681.08

d123[*] =  0.06383  0.04727  0.28650  average  0.13253
    [B] =  0.60546  0.61593  0.35453  average  0.52531
accept  =  0.10543  0.07674  0.80812

w =  0.07674 dN =  0.04031 dS =  0.52531 d4 =  0.34805 (153.3 four-fold sites)
             dN*=  0.04314 dS*=  0.41065 S* = 218.92 N* = 681.08

d123[*] =  0.07614  0.05638  0.34171  average  0.15807
    [B] =  0.72214  0.73463  0.42285  average  0.62654
accept  =  0.10543  0.07674  0.80812

w =  0.07674 dN =  0.04808 dS =  0.62654 d4 =  0.41513 (153.3 four-fold sites)
             dN*=  0.05145 dS*=  0.48978 S* = 218.92 N* = 681.08

d123[*] =  0.00242  0.00179  0.01088  average  0.00503
    [B] =  0.02298  0.02338  0.01346  average  0.01994
accept  =  0.10543  0.07674  0.80812

w =  0.07674 dN =  0.00153 dS =  0.01994 d4 =  0.01321 (153.3 four-fold sites)
             dN*=  0.00164 dS*=  0.01559 S* = 218.92 N* = 681.08

d123[*] =  0.05211  0.03859  0.23387  average  0.10819
    [B] =  0.49425  0.50280  0.28941  average  0.42882
accept  =  0.10543  0.07674  0.80812

w =  0.07674 dN =  0.03291 dS =  0.42882 d4 =  0.28412 (153.3 four-fold sites)
             dN*=  0.03522 dS*=  0.33522 S* = 218.92 N* = 681.08

d123[*] =  0.02758  0.02042  0.12379  average  0.05726
    [B] =  0.26160  0.26612  0.15318  average  0.22697
accept  =  0.10543  0.07674  0.80812

w =  0.07674 dN =  0.01742 dS =  0.22697 d4 =  0.15038 (153.3 four-fold sites)
             dN*=  0.01864 dS*=  0.17743 S* = 218.92 N* = 681.08

d123[*] =  0.00000  0.00000  0.00000  average  0.00000
    [B] =  0.00001  0.00001  0.00000  average  0.00001
accept  =  0.10543  0.07674  0.80812

w =  0.07674 dN =  0.00000 dS =  0.00001 d4 =  0.00000 (153.3 four-fold sites)
             dN*=  0.00000 dS*=  0.00000 S* = 218.92 N* = 681.08

d123[*] =  0.00000  0.00000  0.00000  average  0.00000
    [B] =  0.00001  0.00001  0.00000  average  0.00001
accept  =  0.10543  0.07674  0.80812

w =  0.07674 dN =  0.00000 dS =  0.00001 d4 =  0.00000 (153.3 four-fold sites)
             dN*=  0.00000 dS*=  0.00000 S* = 218.92 N* = 681.08

d123[*] =  0.02445  0.01811  0.10975  average  0.05077
    [B] =  0.23193  0.23594  0.13581  average  0.20123
accept  =  0.10543  0.07674  0.80812

w =  0.07674 dN =  0.01544 dS =  0.20123 d4 =  0.13333 (153.3 four-fold sites)
             dN*=  0.01653 dS*=  0.15730 S* = 218.92 N* = 681.08

d123[*] =  0.02234  0.01654  0.10027  average  0.04639
    [B] =  0.21191  0.21557  0.12408  average  0.18385
accept  =  0.10543  0.07674  0.80812

w =  0.07674 dN =  0.01411 dS =  0.18385 d4 =  0.12182 (153.3 four-fold sites)
             dN*=  0.01510 dS*=  0.14372 S* = 218.92 N* = 681.08

d123[*] =  0.03420  0.02532  0.15350  average  0.07101
    [B] =  0.32440  0.33000  0.18995  average  0.28145
accept  =  0.10543  0.07674  0.80812

w =  0.07674 dN =  0.02160 dS =  0.28145 d4 =  0.18648 (153.3 four-fold sites)
             dN*=  0.02311 dS*=  0.22002 S* = 218.92 N* = 681.08

d123[*] =  0.00723  0.00535  0.03245  average  0.01501
    [B] =  0.06857  0.06975  0.04015  average  0.05949
accept  =  0.10543  0.07674  0.80812

w =  0.07674 dN =  0.00457 dS =  0.05949 d4 =  0.03942 (153.3 four-fold sites)
             dN*=  0.00489 dS*=  0.04651 S* = 218.92 N* = 681.08

d123[*] =  0.00425  0.00315  0.01909  average  0.00883
    [B] =  0.04035  0.04105  0.02363  average  0.03501
accept  =  0.10543  0.07674  0.80812

w =  0.07674 dN =  0.00269 dS =  0.03501 d4 =  0.02320 (153.3 four-fold sites)
             dN*=  0.00288 dS*=  0.02737 S* = 218.92 N* = 681.08

d123[*] =  0.00000  0.00000  0.00000  average  0.00000
    [B] =  0.00001  0.00001  0.00000  average  0.00001
accept  =  0.10543  0.07674  0.80812

w =  0.07674 dN =  0.00000 dS =  0.00001 d4 =  0.00000 (153.3 four-fold sites)
             dN*=  0.00000 dS*=  0.00000 S* = 218.92 N* = 681.08

d123[*] =  0.00000  0.00000  0.00000  average  0.00000
    [B] =  0.00001  0.00001  0.00000  average  0.00001
accept  =  0.10543  0.07674  0.80812

w =  0.07674 dN =  0.00000 dS =  0.00001 d4 =  0.00000 (153.3 four-fold sites)
             dN*=  0.00000 dS*=  0.00000 S* = 218.92 N* = 681.08

d123[*] =  0.00164  0.00122  0.00737  average  0.00341
    [B] =  0.01558  0.01585  0.00912  average  0.01352
accept  =  0.10543  0.07674  0.80812

w =  0.07674 dN =  0.00104 dS =  0.01352 d4 =  0.00896 (153.3 four-fold sites)
             dN*=  0.00111 dS*=  0.01057 S* = 218.92 N* = 681.08

d123[*] =  0.10757  0.07965  0.48279  average  0.22334
    [B] =  1.02029  1.03793  0.59742  average  0.88521
accept  =  0.10543  0.07674  0.80812

w =  0.07674 dN =  0.06793 dS =  0.88521 d4 =  0.58652 (153.3 four-fold sites)
             dN*=  0.07270 dS*=  0.69200 S* = 218.92 N* = 681.08

d123[*] =  0.09306  0.06891  0.41768  average  0.19322
    [B] =  0.88270  0.89796  0.51686  average  0.76584
accept  =  0.10543  0.07674  0.80812

w =  0.07674 dN =  0.05877 dS =  0.76584 d4 =  0.50742 (153.3 four-fold sites)
             dN*=  0.06289 dS*=  0.59868 S* = 218.92 N* = 681.08
end of tree file.

Time used:  1:45
