
 15         verbose | verbose                1.00
  7         runmode | runmode                0.00
  4         seqtype | seqtype                1.00
 13       CodonFreq | CodonFreq              2.00
  9           clock | clock                  0.00
 16           model | model                  0.00
 20         NSsites | NSsites                3.00
 22           icode | icode                  0.00
 23           Mgene | Mgene                  0.00
 24       fix_kappa | fix_kappa              0.00
 25           kappa | kappa                  4.00
 26       fix_omega | fix_omega              0.00
 27           omega | omega                  0.40
 28       fix_alpha | fix_alpha              1.00
 29           alpha | alpha                  0.00
 30          Malpha | Malpha                 0.00
 31           ncatG | ncatG                  3.00
 11           getSE | getSE                  0.00
 12    RateAncestor | RateAncestor           0.00
 36      Small_Diff | Small_Diff             0.00
  6       cleandata | cleandata              1.00
 37     fix_blength | fix_blength            0.00
  8          method | method                 0.00
CODONML in paml version 4.9h, March 2018

----------------------------------------------
Phe F TTT | Ser S TCT | Tyr Y TAT | Cys C TGT
      TTC |       TCC |       TAC |       TGC
Leu L TTA |       TCA | *** * TAA | *** * TGA
      TTG |       TCG |       TAG | Trp W TGG
----------------------------------------------
Leu L CTT | Pro P CCT | His H CAT | Arg R CGT
      CTC |       CCC |       CAC |       CGC
      CTA |       CCA | Gln Q CAA |       CGA
      CTG |       CCG |       CAG |       CGG
----------------------------------------------
Ile I ATT | Thr T ACT | Asn N AAT | Ser S AGT
      ATC |       ACC |       AAC |       AGC
      ATA |       ACA | Lys K AAA | Arg R AGA
Met M ATG |       ACG |       AAG |       AGG
----------------------------------------------
Val V GTT | Ala A GCT | Asp D GAT | Gly G GGT
      GTC |       GCC |       GAC |       GGC
      GTA |       GCA | Glu E GAA |       GGA
      GTG |       GCG |       GAG |       GGG
----------------------------------------------
Nice code, uuh?


Ambiguity character definition table:

T (1): T 
C (1): C 
A (1): A 
G (1): G 
U (1): T 
Y (2): T C 
R (2): A G 
M (2): C A 
K (2): T G 
S (2): C G 
W (2): T A 
H (3): T C A 
B (3): T C G 
V (3): C A G 
D (3): T A G 
- (4): T C A G 
N (4): T C A G 
? (4): T C A G 
ns = 14  	ls = 900
Reading sequences, sequential format..
Reading seq # 1: sequence1       
Reading seq # 2: sequence2       
Reading seq # 3: sequence3       
Reading seq # 4: sequence4       
Reading seq # 5: sequence5       
Reading seq # 6: sequence6       
Reading seq # 7: sequence7       
Reading seq # 8: sequence8       
Reading seq # 9: sequence9       
Reading seq #10: sequence10       
Reading seq #11: sequence11       
Reading seq #12: sequence12       
Reading seq #13: sequence13       
Reading seq #14: sequence14       

Sequences read..
Counting site patterns..  0:00
Compressing,    259 patterns at    300 /    300 sites (100.0%),  0:00
Collecting fpatt[] & pose[],    259 patterns at    300 /    300 sites (100.0%),  0:00
Counting codons..

      728 bytes for distance
   252784 bytes for conP
     6216 bytes for fhK
  5000000 bytes for space

TREE #  1
(1, ((2, ((3, (4, 5)), ((6, 7), ((8, 9), (10, (11, (12, 13))))))), 14));   MP score: 886
This is a rooted tree, without clock.  Check.

  1643096 bytes for conP, adjusted

    0.109401    0.022463    0.090221    0.107612    0.058285    0.022398    0.101014    0.055074    0.014704    0.031527    0.090039    0.109832    0.105987    0.019526    0.037259    0.088522    0.068276    0.073122    0.056109    0.031487    0.064859    0.051954    0.023100    0.108381    0.103225    0.059170    4.000000    0.953781    0.683767    0.200000    0.509554    0.692629

ntime & nrate & np:    26     4    32

Bounds (np=32):
   0.000004   0.000004   0.000004   0.000004   0.000004   0.000004   0.000004   0.000004   0.000004   0.000004   0.000004   0.000004   0.000004   0.000004   0.000004   0.000004   0.000004   0.000004   0.000004   0.000004   0.000004   0.000004   0.000004   0.000004   0.000004   0.000004   0.000100 -99.000000 -99.000000   0.000001   0.000001   0.000001
  50.000000  50.000000  50.000000  50.000000  50.000000  50.000000  50.000000  50.000000  50.000000  50.000000  50.000000  50.000000  50.000000  50.000000  50.000000  50.000000  50.000000  50.000000  50.000000  50.000000  50.000000  50.000000  50.000000  50.000000  50.000000  50.000000 999.000000  99.000000  99.000000 999.000000 999.000000 999.000000
Qfactor_NS = 5.565076

np =    32
lnL0 = -6036.627401

Iterating by ming2
Initial: fx=  6036.627401
x=  0.10940  0.02246  0.09022  0.10761  0.05829  0.02240  0.10101  0.05507  0.01470  0.03153  0.09004  0.10983  0.10599  0.01953  0.03726  0.08852  0.06828  0.07312  0.05611  0.03149  0.06486  0.05195  0.02310  0.10838  0.10322  0.05917  4.00000  0.95378  0.68377  0.20000  0.50955  0.69263

  1 h-m-p  0.0000 0.0001 6771.1345 ++     5354.129615  m 0.0001    37 | 1/32
  2 h-m-p  0.0000 0.0001 1364.1768 ++     5149.066648  m 0.0001    72 | 1/32
  3 h-m-p  0.0000 0.0000 3020.3552 ++     5132.350718  m 0.0000   107 | 2/32
  4 h-m-p  0.0000 0.0003 748.5069 ++     5069.069935  m 0.0003   142 | 1/32
  5 h-m-p -0.0000 -0.0000 5468.1625 
h-m-p:     -6.40406023e-19     -3.20203012e-18      5.46816248e+03  5069.069935
..  | 0/32
  6 h-m-p  0.0000 0.0000 588508.6692 --YYCYCYC  5049.307600  6 0.0000   220 | 0/32
  7 h-m-p  0.0000 0.0000 1191.2803 ++     5043.783734  m 0.0000   255 | 1/32
  8 h-m-p  0.0000 0.0000 788.0527 ++     5042.738603  m 0.0000   290 | 2/32
  9 h-m-p  0.0000 0.0001 573.0751 ++     5027.463070  m 0.0001   325 | 3/32
 10 h-m-p  0.0000 0.0000 8769.0409 ++     4986.045463  m 0.0000   360 | 3/32
 11 h-m-p  0.0000 0.0000 3052.8608 ++     4980.995987  m 0.0000   395 | 4/32
 12 h-m-p  0.0000 0.0000 955.3523 ++     4974.743631  m 0.0000   430 | 4/32
 13 h-m-p  0.0000 0.0000 337.4915 
h-m-p:      4.78949824e-21      2.39474912e-20      3.37491493e+02  4974.743631
..  | 4/32
 14 h-m-p  0.0000 0.0002 505.5612 ++YYYYCYC  4945.316614  6 0.0002   506 | 3/32
 15 h-m-p  0.0000 0.0000 8520.9625 ++     4926.604950  m 0.0000   541 | 4/32
 16 h-m-p  0.0000 0.0000 467.7077 ++     4925.634281  m 0.0000   576 | 5/32
 17 h-m-p  0.0000 0.0000 312.2115 ++     4923.343480  m 0.0000   611 | 6/32
 18 h-m-p  0.0001 0.0005 210.9788 ++     4914.961646  m 0.0005   646 | 6/32
 19 h-m-p  0.0000 0.0000 152.1133 
h-m-p:      5.45945888e-21      2.72972944e-20      1.52113316e+02  4914.961646
..  | 6/32
 20 h-m-p  0.0000 0.0002 379.6278 +++    4905.584090  m 0.0002   714 | 7/32
 21 h-m-p  0.0000 0.0002 333.9556 ++     4894.002813  m 0.0002   749 | 7/32
 22 h-m-p  0.0000 0.0000 441.3910 
h-m-p:      6.31880223e-21      3.15940112e-20      4.41391021e+02  4894.002813
..  | 7/32
 23 h-m-p  0.0000 0.0002 344.3974 +CYCCC  4885.657899  4 0.0001   825 | 7/32
 24 h-m-p  0.0002 0.0010 141.6270 ++     4879.563329  m 0.0010   860 | 8/32
 25 h-m-p  0.0002 0.0008 384.5339 +YYCCC  4868.266192  4 0.0005   902 | 8/32
 26 h-m-p  0.0000 0.0002 251.2903 +YCCC  4867.149491  3 0.0001   943 | 8/32
 27 h-m-p  0.0000 0.0002  88.0882 ++     4866.409391  m 0.0002   978 | 8/32
 28 h-m-p  0.0001 0.0045 142.6081 +CCC   4864.465353  2 0.0006  1018 | 8/32
 29 h-m-p  0.0006 0.0032  60.9018 CCC    4863.947978  2 0.0006  1057 | 8/32
 30 h-m-p  0.0006 0.0102  64.1163 YC     4862.962366  1 0.0013  1093 | 8/32
 31 h-m-p  0.0018 0.0092  32.0066 YYC    4862.521901  2 0.0016  1130 | 8/32
 32 h-m-p  0.0013 0.0213  39.5507 YC     4861.803514  1 0.0026  1166 | 7/32
 33 h-m-p  0.0000 0.0003 2879.5303 -YC    4861.782335  1 0.0000  1203 | 7/32
 34 h-m-p  0.0003 0.0252  37.8112 +YCC   4861.371106  2 0.0022  1242 | 7/32
 35 h-m-p  0.0049 0.0507  16.8295 YCC    4861.184065  2 0.0029  1280 | 7/32
 36 h-m-p  0.0021 0.0386  23.0196 CCC    4860.959038  2 0.0029  1319 | 7/32
 37 h-m-p  0.0018 0.0780  36.8513 CC     4860.656975  1 0.0028  1356 | 7/32
 38 h-m-p  0.0019 0.0531  52.5614 YC     4860.168119  1 0.0032  1392 | 7/32
 39 h-m-p  0.0037 0.0186  26.6630 CCC    4859.958529  2 0.0029  1431 | 7/32
 40 h-m-p  0.0028 0.0866  28.5574 +CCC   4859.245665  2 0.0096  1471 | 7/32
 41 h-m-p  0.0056 0.0282  47.4017 CC     4859.050223  1 0.0016  1508 | 7/32
 42 h-m-p  0.0037 0.0627  21.1298 YC     4858.693938  1 0.0075  1544 | 7/32
 43 h-m-p  0.0200 0.0999   4.6005 CCC    4858.646323  2 0.0058  1583 | 7/32
 44 h-m-p  0.0119 0.8156   2.2373 +CCC   4858.420667  2 0.0593  1623 | 7/32
 45 h-m-p  0.0065 0.0630  20.3881 +YC    4857.809411  1 0.0176  1660 | 7/32
 46 h-m-p  0.0927 0.4634   0.5972 YYC    4857.619243  2 0.0796  1697 | 7/32
 47 h-m-p  0.0111 0.0556   4.0171 CYCCC  4857.248439  4 0.0176  1764 | 7/32
 48 h-m-p  0.2020 1.0101   0.1503 +CC    4856.800760  1 0.7691  1802 | 7/32
 49 h-m-p  1.1465 8.0000   0.1008 CCC    4856.644101  2 1.6243  1866 | 7/32
 50 h-m-p  1.1235 5.6175   0.0608 CC     4856.595767  1 1.3010  1928 | 7/32
 51 h-m-p  1.6000 8.0000   0.0176 C      4856.577309  0 1.6000  1988 | 7/32
 52 h-m-p  1.1890 8.0000   0.0237 CC     4856.572366  1 0.9649  2050 | 7/32
 53 h-m-p  1.6000 8.0000   0.0075 C      4856.571522  0 1.3217  2110 | 7/32
 54 h-m-p  1.6000 8.0000   0.0011 Y      4856.571441  0 1.2776  2170 | 7/32
 55 h-m-p  1.6000 8.0000   0.0003 Y      4856.571435  0 1.0971  2230 | 7/32
 56 h-m-p  1.6000 8.0000   0.0001 Y      4856.571435  0 1.2127  2290 | 7/32
 57 h-m-p  1.6000 8.0000   0.0000 C      4856.571435  0 0.4854  2350 | 7/32
 58 h-m-p  0.9481 8.0000   0.0000 --Y    4856.571435  0 0.0148  2412 | 7/32
 59 h-m-p  0.0160 8.0000   0.0000 ---C   4856.571435  0 0.0001  2475
Out..
lnL  = -4856.571435
2476 lfun, 9904 eigenQcodon, 193128 P(t)
end of tree file.

Time used:  6:27
