
 15         verbose | verbose                1.00
  7         runmode | runmode                0.00
  4         seqtype | seqtype                1.00
 13       CodonFreq | CodonFreq              2.00
  9           clock | clock                  0.00
 16           model | model                  0.00
 20         NSsites | NSsites                3.00
 22           icode | icode                  0.00
 23           Mgene | Mgene                  0.00
 24       fix_kappa | fix_kappa              0.00
 25           kappa | kappa                  4.00
 26       fix_omega | fix_omega              0.00
 27           omega | omega                  0.40
 28       fix_alpha | fix_alpha              1.00
 29           alpha | alpha                  0.00
 30          Malpha | Malpha                 0.00
 31           ncatG | ncatG                  4.00
 11           getSE | getSE                  0.00
 12    RateAncestor | RateAncestor           0.00
 36      Small_Diff | Small_Diff             0.00
  6       cleandata | cleandata              1.00
 37     fix_blength | fix_blength            0.00
  8          method | method                 0.00
CODONML in paml version 4.9h, March 2018

----------------------------------------------
Phe F TTT | Ser S TCT | Tyr Y TAT | Cys C TGT
      TTC |       TCC |       TAC |       TGC
Leu L TTA |       TCA | *** * TAA | *** * TGA
      TTG |       TCG |       TAG | Trp W TGG
----------------------------------------------
Leu L CTT | Pro P CCT | His H CAT | Arg R CGT
      CTC |       CCC |       CAC |       CGC
      CTA |       CCA | Gln Q CAA |       CGA
      CTG |       CCG |       CAG |       CGG
----------------------------------------------
Ile I ATT | Thr T ACT | Asn N AAT | Ser S AGT
      ATC |       ACC |       AAC |       AGC
      ATA |       ACA | Lys K AAA | Arg R AGA
Met M ATG |       ACG |       AAG |       AGG
----------------------------------------------
Val V GTT | Ala A GCT | Asp D GAT | Gly G GGT
      GTC |       GCC |       GAC |       GGC
      GTA |       GCA | Glu E GAA |       GGA
      GTG |       GCG |       GAG |       GGG
----------------------------------------------
Nice code, uuh?


Ambiguity character definition table:

T (1): T 
C (1): C 
A (1): A 
G (1): G 
U (1): T 
Y (2): T C 
R (2): A G 
M (2): C A 
K (2): T G 
S (2): C G 
W (2): T A 
H (3): T C A 
B (3): T C G 
V (3): C A G 
D (3): T A G 
- (4): T C A G 
N (4): T C A G 
? (4): T C A G 
ns = 14  	ls = 900
Reading sequences, sequential format..
Reading seq # 1: sequence1       
Reading seq # 2: sequence2       
Reading seq # 3: sequence3       
Reading seq # 4: sequence4       
Reading seq # 5: sequence5       
Reading seq # 6: sequence6       
Reading seq # 7: sequence7       
Reading seq # 8: sequence8       
Reading seq # 9: sequence9       
Reading seq #10: sequence10       
Reading seq #11: sequence11       
Reading seq #12: sequence12       
Reading seq #13: sequence13       
Reading seq #14: sequence14       

Sequences read..
Counting site patterns..  0:00
Compressing,    259 patterns at    300 /    300 sites (100.0%),  0:00
Collecting fpatt[] & pose[],    259 patterns at    300 /    300 sites (100.0%),  0:00
Counting codons..

      728 bytes for distance
   252784 bytes for conP
     8288 bytes for fhK
  5000000 bytes for space

TREE #  1
(1, ((2, ((3, (4, 5)), ((6, 7), ((8, 9), (10, (11, (12, 13))))))), 14));   MP score: 886
This is a rooted tree, without clock.  Check.

  1643096 bytes for conP, adjusted

    0.030747    0.018779    0.053513    0.105500    0.076293    0.034062    0.072735    0.049751    0.051497    0.082116    0.073234    0.022073    0.072253    0.032982    0.039579    0.108930    0.074450    0.078495    0.023256    0.089679    0.067460    0.095169    0.013682    0.030466    0.048851    0.034320    4.000000    0.596698    0.351987    0.375234    0.200000    0.404822    0.559298    0.745866

ntime & nrate & np:    26     5    34

Bounds (np=34):
   0.000004   0.000004   0.000004   0.000004   0.000004   0.000004   0.000004   0.000004   0.000004   0.000004   0.000004   0.000004   0.000004   0.000004   0.000004   0.000004   0.000004   0.000004   0.000004   0.000004   0.000004   0.000004   0.000004   0.000004   0.000004   0.000004   0.000100 -99.000000 -99.000000 -99.000000   0.000001   0.000001   0.000001   0.000001
  50.000000  50.000000  50.000000  50.000000  50.000000  50.000000  50.000000  50.000000  50.000000  50.000000  50.000000  50.000000  50.000000  50.000000  50.000000  50.000000  50.000000  50.000000  50.000000  50.000000  50.000000  50.000000  50.000000  50.000000  50.000000  50.000000 999.000000  99.000000  99.000000  99.000000 999.000000 999.000000 999.000000 999.000000
Qfactor_NS = 5.229995

np =    34
lnL0 = -6133.928421

Iterating by ming2
Initial: fx=  6133.928421
x=  0.03075  0.01878  0.05351  0.10550  0.07629  0.03406  0.07273  0.04975  0.05150  0.08212  0.07323  0.02207  0.07225  0.03298  0.03958  0.10893  0.07445  0.07850  0.02326  0.08968  0.06746  0.09517  0.01368  0.03047  0.04885  0.03432  4.00000  0.59670  0.35199  0.37523  0.20000  0.40482  0.55930  0.74587

  1 h-m-p  0.0000 0.0001 4629.1174 ++     5592.471716  m 0.0001    39 | 1/34
  2 h-m-p  0.0000 0.0001 1123.2906 ++     5456.216654  m 0.0001    76 | 0/34
  3 h-m-p  0.0000 0.0000 33098.5472 
h-m-p:      2.55740129e-21      1.27870065e-20      3.30985472e+04  5456.216654
..  | 0/34
  4 h-m-p  0.0000 0.0001 173297.8463 --YCYYCYCCC  5444.673048  8 0.0000   161 | 0/34
  5 h-m-p  0.0000 0.0000 1349.4611 ++     5442.065804  m 0.0000   198 | 1/34
  6 h-m-p  0.0000 0.0000 2483.3136 ++     5325.068899  m 0.0000   235 | 2/34
  7 h-m-p  0.0000 0.0000 3366.6306 ++     5279.922428  m 0.0000   272 | 3/34
  8 h-m-p  0.0000 0.0002 1481.4773 ++     5159.646774  m 0.0002   309 | 4/34
  9 h-m-p  0.0000 0.0001 1910.7760 ++     5059.523193  m 0.0001   346 | 5/34
 10 h-m-p  0.0000 0.0000 1066.7329 ++     5044.694376  m 0.0000   383 | 5/34
 11 h-m-p  0.0001 0.0003 912.5237 +CYCCC  5006.581954  4 0.0002   428 | 5/34
 12 h-m-p  0.0000 0.0001 191.6370 ++     5004.928352  m 0.0001   465 | 6/34
 13 h-m-p  0.0000 0.0000 316.9272 ++     5003.244453  m 0.0000   502 | 6/34
 14 h-m-p  0.0001 0.0016 117.9462 +CCCC  4999.259591  3 0.0006   546 | 6/34
 15 h-m-p  0.0005 0.0025  57.8311 YCCC   4996.053846  3 0.0010   588 | 6/34
 16 h-m-p  0.0002 0.0012  72.4224 ++     4990.266188  m 0.0012   625 | 6/34
 17 h-m-p -0.0000 -0.0000 104.0172 
h-m-p:     -2.97423933e-19     -1.48711967e-18      1.04017166e+02  4990.266188
..  | 6/34
 18 h-m-p  0.0000 0.0001 524.0725 +YCYYCCC  4968.600952  6 0.0001   707 | 6/34
 19 h-m-p  0.0000 0.0000 5321.6932 ++     4921.593086  m 0.0000   744 | 7/34
 20 h-m-p  0.0000 0.0001 735.3563 ++     4906.273683  m 0.0001   781 | 8/34
 21 h-m-p  0.0001 0.0004 310.2769 +YYYCCC  4895.678159  5 0.0003   826 | 7/34
 22 h-m-p  0.0001 0.0005 485.5634 YYCCC  4891.510390  4 0.0001   869 | 7/34
 23 h-m-p  0.0000 0.0001 724.5732 ++     4884.072976  m 0.0001   906 | 8/34
 24 h-m-p  0.0001 0.0003  96.9634 ++     4882.511252  m 0.0003   943 | 8/34
 25 h-m-p  0.0002 0.0018 138.1634 YCCC   4880.525267  3 0.0004   985 | 8/34
 26 h-m-p  0.0005 0.0023  74.5394 CYC    4879.599380  2 0.0005  1025 | 8/34
 27 h-m-p  0.0009 0.0108  38.2165 YCCC   4877.929934  3 0.0017  1067 | 8/34
 28 h-m-p  0.0007 0.0033  25.4708 +YC    4877.124983  1 0.0018  1106 | 8/34
 29 h-m-p  0.0007 0.0037  24.4116 YCCC   4876.729485  3 0.0016  1148 | 8/34
 30 h-m-p  0.0025 0.0282  15.3603 YCC    4876.583511  2 0.0015  1188 | 8/34
 31 h-m-p  0.0016 0.0474  15.1582 +YC    4876.265947  1 0.0043  1227 | 8/34
 32 h-m-p  0.0032 0.0257  20.6716 CC     4875.845639  1 0.0047  1266 | 8/34
 33 h-m-p  0.0016 0.0104  61.9673 +YYC   4874.315888  2 0.0057  1306 | 8/34
 34 h-m-p  0.0011 0.0056  92.9971 CCCC   4873.628476  3 0.0018  1349 | 8/34
 35 h-m-p  0.0019 0.0094  51.5705 YCCC   4872.872166  3 0.0041  1391 | 8/34
 36 h-m-p  0.0005 0.0027  85.2054 +CYC   4872.228868  2 0.0021  1432 | 7/34
 37 h-m-p  0.0000 0.0001 1103.6538 ++     4872.029459  m 0.0001  1469 | 8/34
 38 h-m-p  0.0011 0.0412  50.5854 +YCC   4871.470064  2 0.0033  1510 | 8/34
 39 h-m-p  0.0112 0.0562   8.9868 CC     4871.376109  1 0.0031  1549 | 8/34
 40 h-m-p  0.0020 0.0519  13.9822 CC     4871.281953  1 0.0030  1588 | 8/34
 41 h-m-p  0.0143 0.1409   2.9189 YC     4871.089526  1 0.0238  1626 | 8/34
 42 h-m-p  0.0066 0.0368  10.4800 YCCC   4870.671376  3 0.0142  1668 | 7/34
 43 h-m-p  0.0001 0.0003 798.6824 CYC    4870.605459  2 0.0000  1708 | 7/34
 44 h-m-p  0.0034 0.0854  10.0609 ++YC   4869.898378  1 0.0349  1748 | 7/34
 45 h-m-p  0.0133 0.0664   9.7400 YC     4869.787983  1 0.0065  1786 | 7/34
 46 h-m-p  0.0834 0.4168   0.4023 ++     4869.043654  m 0.4168  1823 | 8/34
 47 h-m-p  0.0867 0.8464   1.9328 +YCC   4868.521037  2 0.2514  1891 | 8/34
 48 h-m-p  0.0527 0.2634   2.6275 +YCC   4867.525679  2 0.2295  1932 | 8/34
 49 h-m-p  0.0537 0.2687   1.3015 ++     4867.027737  m 0.2687  1969 | 7/34
 50 h-m-p -0.0000 -0.0000 9622.4985 
h-m-p:     -5.78952833e-22     -2.89476416e-21      9.62249853e+03  4867.027737
..  | 7/34
 51 h-m-p  0.0000 0.0006 141.9633 CYC    4866.911071  2 0.0000  2043 | 7/34
 52 h-m-p  0.0000 0.0001 283.6914 ++     4865.569833  m 0.0001  2080 | 8/34
 53 h-m-p  0.0001 0.0003  68.3518 ++     4865.020646  m 0.0003  2117 | 8/34
 54 h-m-p  0.0001 0.0005  77.5047 CCCC   4864.804889  3 0.0001  2160 | 8/34
 55 h-m-p  0.0001 0.0035 191.1165 YCCC   4864.418620  3 0.0001  2202 | 8/34
 56 h-m-p  0.0001 0.0006  42.2816 YC     4864.279048  1 0.0003  2240 | 8/34
 57 h-m-p  0.0004 0.0132  26.8231 YCC    4864.142737  2 0.0007  2280 | 8/34
 58 h-m-p  0.0002 0.0009  27.5304 YC     4864.077346  1 0.0004  2318 | 8/34
 59 h-m-p  0.0002 0.0113  46.2111 YC     4863.957485  1 0.0005  2356 | 8/34
 60 h-m-p  0.0006 0.0125  36.6725 YC     4863.782702  1 0.0010  2394 | 8/34
 61 h-m-p  0.0022 0.0420  17.8081 CYC    4863.652847  2 0.0020  2434 | 8/34
 62 h-m-p  0.0018 0.0095  20.2289 ++     4863.128062  m 0.0095  2471 | 8/34
 63 h-m-p  0.0019 0.0233  99.8321 CCC    4862.391412  2 0.0025  2512 | 8/34
 64 h-m-p  0.0031 0.0319  79.0538 CYC    4861.728667  2 0.0030  2552 | 8/34
 65 h-m-p  0.0009 0.0046  82.3390 +CC    4860.925628  1 0.0036  2592 | 8/34
 66 h-m-p  0.0064 0.0412  45.6192 CC     4860.675262  1 0.0021  2631 | 8/34
 67 h-m-p  0.0026 0.0388  36.6340 +YCC   4860.052580  2 0.0069  2672 | 8/34
 68 h-m-p  0.0004 0.0020  55.2505 ++     4859.726376  m 0.0020  2709 | 8/34
 69 h-m-p  0.0023 0.0249  47.3744 YCCC   4859.203977  3 0.0048  2751 | 7/34
 70 h-m-p  0.0023 0.0115  86.4369 YYC    4859.003556  2 0.0008  2790 | 7/34
 71 h-m-p  0.0032 0.0162  17.5978 CC     4858.856553  1 0.0042  2829 | 7/34
 72 h-m-p  0.0016 0.0080   6.1395 CC     4858.836354  1 0.0021  2868 | 7/34
 73 h-m-p  0.0023 0.1356   5.4880 YC     4858.804339  1 0.0042  2906 | 7/34
 74 h-m-p  0.0141 0.5155   1.6470 CY     4858.773463  1 0.0148  2945 | 7/34
 75 h-m-p  0.0346 1.9379   0.7048 +YC    4857.970472  1 0.3444  2984 | 7/34
 76 h-m-p  0.0201 0.1007   8.8592 CCC    4857.776112  2 0.0081  3052 | 7/34
 77 h-m-p  0.0628 6.2455   1.1485 +YCC   4857.565713  2 0.1942  3093 | 7/34
 78 h-m-p  0.7672 3.8361   0.2693 YCCC   4856.917623  3 1.2761  3135 | 7/34
 79 h-m-p  0.6984 3.4919   0.2013 YCCC   4856.655633  3 1.2606  3204 | 7/34
 80 h-m-p  1.6000 8.0000   0.0827 YC     4856.591053  1 1.2600  3269 | 7/34
 81 h-m-p  1.6000 8.0000   0.0289 CC     4856.573126  1 1.3595  3335 | 7/34
 82 h-m-p  1.6000 8.0000   0.0120 YC     4856.571140  1 0.8999  3400 | 7/34
 83 h-m-p  1.6000 8.0000   0.0026 YC     4856.570959  1 0.9874  3465 | 7/34
 84 h-m-p  1.1850 8.0000   0.0021 Y      4856.570913  0 2.6020  3529 | 7/34
 85 h-m-p  1.6000 8.0000   0.0011 +Y     4856.570773  0 5.0005  3594 | 7/34
 86 h-m-p  1.2466 8.0000   0.0044 C      4856.570551  0 1.4846  3658 | 7/34
 87 h-m-p  1.0260 8.0000   0.0064 CC     4856.570156  1 1.7239  3724 | 7/34
 88 h-m-p  1.5195 8.0000   0.0072 Y      4856.570027  0 0.9584  3788 | 7/34
 89 h-m-p  1.4558 8.0000   0.0048 Y      4856.569961  0 0.6551  3852 | 7/34
 90 h-m-p  1.6000 8.0000   0.0015 C      4856.569951  0 1.4314  3916 | 7/34
 91 h-m-p  1.6000 8.0000   0.0008 C      4856.569950  0 1.3032  3980 | 7/34
 92 h-m-p  1.6000 8.0000   0.0006 ++     4856.569947  m 8.0000  4044 | 7/34
 93 h-m-p  1.2144 8.0000   0.0042 ++     4856.569911  m 8.0000  4108 | 7/34
 94 h-m-p  0.0726 8.0000   0.4572 +C     4856.569793  0 0.2906  4173 | 7/34
 95 h-m-p  0.5236 8.0000   0.2537 Y      4856.569727  0 0.5236  4237 | 7/34
 96 h-m-p  1.6000 8.0000   0.0405 +Y     4856.569312  0 6.8181  4302 | 7/34
 97 h-m-p  0.2956 3.2018   0.9342 C      4856.569186  0 0.0739  4366 | 7/34
 98 h-m-p  0.3629 8.0000   0.1902 C      4856.569073  0 0.4271  4430 | 7/34
 99 h-m-p  0.3647 8.0000   0.2228 C      4856.568986  0 0.1284  4494 | 7/34
100 h-m-p  0.2715 8.0000   0.1053 +Y     4856.568844  0 1.0861  4559 | 7/34
101 h-m-p  1.6000 8.0000   0.0143 Y      4856.568661  0 2.7209  4623 | 7/34
102 h-m-p  0.1019 5.2257   0.3832 +Y     4856.568466  0 0.4074  4688 | 7/34
103 h-m-p  1.6000 8.0000   0.0827 C      4856.568401  0 0.4475  4752 | 7/34
104 h-m-p  1.6000 8.0000   0.0138 YC     4856.568287  1 0.8012  4817 | 7/34
105 h-m-p  0.0570 7.5151   0.1938 ++YC   4856.568118  1 0.6038  4884 | 7/34
106 h-m-p  1.1867 8.0000   0.0986 Y      4856.568025  0 0.6365  4948 | 7/34
107 h-m-p  1.0176 8.0000   0.0617 C      4856.567830  0 1.2900  5012 | 7/34
108 h-m-p  0.4616 5.2618   0.1724 Y      4856.567720  0 0.4616  5076 | 7/34
109 h-m-p  1.6000 8.0000   0.0087 YC     4856.567612  1 0.8833  5141 | 7/34
110 h-m-p  0.0796 7.5075   0.0964 +Y     4856.567484  0 0.7156  5206 | 7/34
111 h-m-p  1.5766 8.0000   0.0438 C      4856.567352  0 1.5766  5270 | 7/34
112 h-m-p  0.9215 5.7507   0.0749 C      4856.567193  0 0.9304  5334 | 7/34
113 h-m-p  0.8177 4.0884   0.0599 C      4856.567137  0 0.2796  5398 | 7/34
114 h-m-p  0.0783 1.5605   0.2138 +C     4856.567010  0 0.3132  5463 | 7/34
115 h-m-p  0.1752 0.8760   0.2962 Y      4856.566968  0 0.1752  5527 | 7/34
116 h-m-p  1.6000 8.0000   0.0077 C      4856.566913  0 2.0252  5591 | 7/34
117 h-m-p  0.3446 3.6657   0.0450 +C     4856.566793  0 1.4590  5656 | 7/34
118 h-m-p  0.2686 1.3429   0.0726 +Y     4856.566742  0 0.6808  5721 | 7/34
119 h-m-p  0.0978 0.4890   0.0862 ++     4856.566637  m 0.4890  5785 | 8/34
120 h-m-p  0.9619 8.0000   0.0438 -Y     4856.566634  0 0.0336  5850 | 7/34
121 h-m-p  0.0000 0.0002 239208.8225 --------..  | 7/34
122 h-m-p  0.0002 0.0914   0.3744 -C     4856.566633  0 0.0000  5957 | 7/34
123 h-m-p  0.0001 0.0569   0.3697 C      4856.566628  0 0.0001  6021 | 7/34
124 h-m-p  0.0002 0.1247   0.2242 Y      4856.566626  0 0.0001  6085 | 7/34
125 h-m-p  0.0002 0.0923   0.3958 C      4856.566625  0 0.0000  6149 | 7/34
126 h-m-p  0.0018 0.8978   0.1647 -Y     4856.566624  0 0.0002  6214 | 7/34
127 h-m-p  0.0009 0.4509   0.1008 Y      4856.566620  0 0.0016  6278 | 7/34
128 h-m-p  0.0001 0.0299   1.2252 C      4856.566616  0 0.0001  6342 | 7/34
129 h-m-p  0.0011 0.3851   0.1599 Y      4856.566613  0 0.0005  6379 | 7/34
130 h-m-p  0.0002 0.0943   0.6350 C      4856.566613  0 0.0001  6443 | 7/34
131 h-m-p  0.0127 6.3729   0.0594 -Y     4856.566611  0 0.0015  6508 | 7/34
132 h-m-p  0.0018 0.9081   0.1244 +Y     4856.566599  0 0.0056  6573 | 7/34
133 h-m-p  0.0059 2.1743   0.1201 C      4856.566596  0 0.0015  6637 | 7/34
134 h-m-p  0.0160 8.0000   0.0512 Y      4856.566594  0 0.0026  6701 | 7/34
135 h-m-p  0.0114 5.7209   0.0513 Y      4856.566594  0 0.0014  6765 | 7/34
136 h-m-p  0.0160 8.0000   0.0256 Y      4856.566594  0 0.0025  6829 | 7/34
137 h-m-p  0.0160 8.0000   0.0426 C      4856.566593  0 0.0050  6893 | 7/34
138 h-m-p  0.0051 2.5651   0.1387 C      4856.566588  0 0.0051  6957 | 7/34
139 h-m-p  0.0062 3.0939   0.1510 C      4856.566584  0 0.0056  7021 | 7/34
140 h-m-p  0.0027 1.3545   0.3792 C      4856.566577  0 0.0041  7085 | 7/34
141 h-m-p  0.0026 0.8732   0.5886 C      4856.566570  0 0.0024  7149 | 7/34
142 h-m-p  0.0020 0.7523   0.7024 +Y     4856.566550  0 0.0056  7214 | 7/34
143 h-m-p  0.0235 3.4330   0.1670 Y      4856.566548  0 0.0038  7278 | 7/34
144 h-m-p  0.0192 8.0000   0.0328 C      4856.566545  0 0.0185  7342 | 7/34
145 h-m-p  0.0160 8.0000   0.0872 +C     4856.566523  0 0.0670  7407 | 7/34
146 h-m-p  0.0193 2.1913   0.3024 Y      4856.566472  0 0.0439  7471 | 7/34
147 h-m-p  0.3290 8.0000   0.0404 Y      4856.566464  0 0.0592  7535 | 7/34
148 h-m-p  0.0078 2.4528   0.3051 +C     4856.566412  0 0.0499  7600 | 7/34
149 h-m-p  0.1863 8.0000   0.0818 Y      4856.566314  0 0.3116  7664 | 7/34
150 h-m-p  1.2315 8.0000   0.0207 C      4856.566207  0 1.0007  7728 | 7/34
151 h-m-p  0.9153 8.0000   0.0226 C      4856.566161  0 0.9153  7792 | 7/34
152 h-m-p  1.3910 8.0000   0.0149 C      4856.566129  0 1.3910  7856 | 7/34
153 h-m-p  1.6000 8.0000   0.0094 C      4856.566117  0 1.6000  7920 | 7/34
154 h-m-p  0.4833 8.0000   0.0310 C      4856.566117  0 0.1208  7984 | 7/34
155 h-m-p  0.1259 8.0000   0.0297 C      4856.566117  0 0.1106  8048 | 7/34
156 h-m-p  0.1114 8.0000   0.0295 --C    4856.566117  0 0.0018  8114 | 7/34
157 h-m-p  0.0160 8.0000   0.0327 -------C  4856.566117  0 0.0000  8185 | 7/34
158 h-m-p  0.0160 8.0000   0.0810 C      4856.566117  0 0.0254  8249 | 7/34
159 h-m-p  0.0672 8.0000   0.0306 ---------C  4856.566117  0 0.0000  8322 | 7/34
160 h-m-p  0.0025 1.2326   0.6609 ---------Y  4856.566117  0 0.0000  8395 | 7/34
161 h-m-p  0.0160 8.0000   0.0013 ++C    4856.566116  0 0.2695  8461 | 7/34
162 h-m-p  0.1298 8.0000   0.0028 C      4856.566116  0 0.0262  8525 | 7/34
163 h-m-p  0.0160 8.0000   0.0056 ------Y  4856.566116  0 0.0000  8595 | 7/34
164 h-m-p  0.0160 8.0000   0.0018 +Y     4856.566116  0 0.0544  8660 | 7/34
165 h-m-p  0.0490 8.0000   0.0020 C      4856.566116  0 0.0122  8724 | 7/34
166 h-m-p  0.0160 8.0000   0.0032 --Y    4856.566116  0 0.0003  8790 | 7/34
167 h-m-p  0.0160 8.0000   0.0045 ---C   4856.566116  0 0.0001  8857 | 7/34
168 h-m-p  0.0151 7.5290   0.0061 ------C  4856.566116  0 0.0000  8927 | 7/34
169 h-m-p  0.0038 1.8831   0.0300 -----------Y  4856.566116  0 0.0000  9002 | 7/34
170 h-m-p  0.0051 2.5545   0.0156 ------------..  | 7/34
171 h-m-p  0.0000 0.0000 947.4954 ++     4856.566114  m 0.0000  9140 | 8/34
172 h-m-p  0.0000 0.0083   0.6275 +Y     4856.566112  0 0.0000  9178 | 8/34
173 h-m-p  0.0022 1.1165   0.0537 -Y     4856.566111  0 0.0003  9242 | 8/34
174 h-m-p  0.0024 1.2163   0.0842 --C    4856.566111  0 0.0001  9307 | 8/34
175 h-m-p  0.0160 8.0000   0.0277 --C    4856.566111  0 0.0004  9372 | 8/34
176 h-m-p  0.0015 0.7545   0.0160 Y      4856.566111  0 0.0002  9435 | 8/34
177 h-m-p  0.0160 8.0000   0.0123 -C     4856.566111  0 0.0014  9499 | 8/34
178 h-m-p  0.0160 8.0000   0.0146 -Y     4856.566111  0 0.0020  9563 | 8/34
179 h-m-p  0.0160 8.0000   0.0202 -C     4856.566111  0 0.0013  9627 | 8/34
180 h-m-p  0.0160 8.0000   0.0085 -Y     4856.566111  0 0.0017  9691 | 8/34
181 h-m-p  0.0160 8.0000   0.0103 C      4856.566111  0 0.0043  9754 | 8/34
182 h-m-p  0.0160 8.0000   0.0115 -Y     4856.566111  0 0.0018  9818 | 8/34
183 h-m-p  0.0160 8.0000   0.0053 Y      4856.566111  0 0.0031  9881 | 8/34
184 h-m-p  0.0160 8.0000   0.0043 Y      4856.566111  0 0.0026  9944 | 8/34
185 h-m-p  0.0160 8.0000   0.0032 C      4856.566111  0 0.0055 10007 | 8/34
186 h-m-p  0.0160 8.0000   0.0077 Y      4856.566111  0 0.0024 10070 | 8/34
187 h-m-p  0.0160 8.0000   0.0028 C      4856.566111  0 0.0169 10133 | 8/34
188 h-m-p  0.0160 8.0000   0.0158 Y      4856.566111  0 0.0030 10196 | 8/34
189 h-m-p  0.0160 8.0000   0.0235 C      4856.566111  0 0.0045 10259 | 8/34
190 h-m-p  0.0160 8.0000   0.0151 Y      4856.566111  0 0.0081 10322 | 8/34
191 h-m-p  0.0681 8.0000   0.0018 Y      4856.566111  0 0.0321 10385 | 8/34
192 h-m-p  0.0160 8.0000   0.0065 C      4856.566110  0 0.0130 10448 | 8/34
193 h-m-p  0.0160 8.0000   0.0062 Y      4856.566110  0 0.0343 10511 | 8/34
194 h-m-p  0.1620 8.0000   0.0013 -Y     4856.566110  0 0.0073 10575 | 8/34
195 h-m-p  0.0329 8.0000   0.0003 ++++   4856.566110  m 8.0000 10640 | 8/34
196 h-m-p  1.3355 8.0000   0.0017 C      4856.566110  0 1.2508 10703 | 8/34
197 h-m-p  1.6000 8.0000   0.0003 C      4856.566110  0 0.5470 10766 | 8/34
198 h-m-p  1.1889 8.0000   0.0001 --Y    4856.566110  0 0.0186 10831 | 8/34
199 h-m-p  0.0162 8.0000   0.0002 -------------..  | 8/34
200 h-m-p  0.0024 1.2074   0.0124 --C    4856.566110  0 0.0000 10970 | 8/34
201 h-m-p  0.0036 1.8230   0.0025 --Y    4856.566110  0 0.0001 11035 | 8/34
202 h-m-p  0.0120 5.9820   0.0014 --C    4856.566110  0 0.0002 11100 | 8/34
203 h-m-p  0.0160 8.0000   0.0004 ------C  4856.566110  0 0.0000 11169
Out..
lnL  = -4856.566110
11170 lfun, 55850 eigenQcodon, 1161680 P(t)
end of tree file.

Time used: 12:23
